kB
Progress (3): 38 kB | 106 kB | 33/74 kB
                                       
Downloaded from central: https://repo.maven.apache.org/maven2/org/apache/maven/maven-settings-builder/3.0/maven-settings-builder-3.0.jar (38 kB at 2.5 MB/s)
Downloading from central: https://repo.maven.apache.org/maven2/org/apache/maven/shared/maven-shared-incremental/1.1/maven-shared-incremental-1.1.jar
Progress (2): 106 kB | 49/74 kB
                               
Downloaded from central: https://repo.maven.apache.org/maven2/org/sonatype/aether/aether-impl/1.7/aether-impl-1.7.jar (106 kB at 7.6 MB/s)
Progress (1): 66/74 kB
                      
Downloading from central: https://repo.maven.apache.org/maven2/org/codehaus/plexus/plexus-java/0.9.10/plexus-java-0.9.10.jar
Progress (2): 66/74 kB | 16/108 kB
Progress (2): 66/74 kB | 33/108 kB
Progress (2): 74 kB | 33/108 kB   
                               
Downloaded from central: https://repo.maven.apache.org/maven2/org/sonatype/aether/aether-api/1.7/aether-api-1.7.jar (74 kB at 4.6 MB/s)
Progress (1): 49/108 kB
                       
Downloading from central: https://repo.maven.apache.org/maven2/org/ow2/asm/asm/6.2/asm-6.2.jar
Progress (2): 49/108 kB | 16/61 kB
Progress (2): 66/108 kB | 16/61 kB
Progress (2): 66/108 kB | 32/61 kB
Progress (2): 82/108 kB | 32/61 kB
Progress (2): 82/108 kB | 49/61 kB
Progress (2): 98/108 kB | 49/61 kB
Progress (2): 98/108 kB | 61 kB   
Progress (2): 108 kB | 61 kB   
                            
Downloaded from central: https://repo.maven.apache.org/maven2/org/codehaus/plexus/plexus-interpolation/1.14/plexus-interpolation-1.14.jar (61 kB at 3.4 MB/s)
Downloaded from central: https://repo.maven.apache.org/maven2/org/sonatype/aether/aether-util/1.7/aether-util-1.7.jar (108 kB at 6.0 MB/s)
Downloading from central: https://repo.maven.apache.org/maven2/com/thoughtworks/qdox/qdox/2.0-M9/qdox-2.0-M9.jar
Progress (1): 16/39 kB
Progress (1): 33/39 kB
Progress (1): 39 kB   
                   
Downloaded from central: https://repo.maven.apache.org/maven2/org/codehaus/plexus/plexus-java/0.9.10/plexus-java-0.9.10.jar (39 kB at 2.0 MB/s)
Downloading from central: https://repo.maven.apache.org/maven2/org/codehaus/plexus/plexus-compiler-api/2.8.4/plexus-compiler-api-2.8.4.jar
Downloading from central: https://repo.maven.apache.org/maven2/org/codehaus/plexus/plexus-compiler-manager/2.8.4/plexus-compiler-manager-2.8.4.jar
Progress (1): 14 kB
Progress (2): 14 kB | 16/27 kB
                              
Downloaded from central: https://repo.maven.apache.org/maven2/org/apache/maven/shared/maven-shared-incremental/1.1/maven-shared-incremental-1.1.jar (14 kB at 645 kB/s)
Downloading from central: https://repo.maven.apache.org/maven2/org/codehaus/plexus/plexus-compiler-javac/2.8.4/plexus-compiler-javac-2.8.4.jar
Progress (1): 27 kB
                   
Downloaded from central: https://repo.maven.apache.org/maven2/org/codehaus/plexus/plexus-compiler-api/2.8.4/plexus-compiler-api-2.8.4.jar (27 kB at 1.2 MB/s)
Progress (1): 16/111 kB
Progress (2): 16/111 kB | 4.7 kB
                                
Downloaded from central: https://repo.maven.apache.org/maven2/org/codehaus/plexus/plexus-compiler-manager/2.8.4/plexus-compiler-manager-2.8.4.jar (4.7 kB at 196 kB/s)
Progress (1): 33/111 kB
Progress (1): 49/111 kB
Progress (1): 66/111 kB
Progress (1): 82/111 kB
Progress (2): 82/111 kB | 16/317 kB
Progress (2): 82/111 kB | 32/317 kB
Progress (2): 82/111 kB | 49/317 kB
Progress (2): 98/111 kB | 49/317 kB
Progress (2): 111 kB | 49/317 kB   
                                
Downloaded from central: https://repo.maven.apache.org/maven2/org/ow2/asm/asm/6.2/asm-6.2.jar (111 kB at 3.8 MB/s)
Progress (1): 65/317 kB
Progress (2): 65/317 kB | 16/21 kB
Progress (2): 81/317 kB | 16/21 kB
Progress (2): 98/317 kB | 16/21 kB
Progress (2): 98/317 kB | 21 kB   
Progress (2): 114/317 kB | 21 kB
Progress (2): 130/317 kB | 21 kB
Progress (2): 147/317 kB | 21 kB
Progress (2): 163/317 kB | 21 kB
Progress (2): 180/317 kB | 21 kB
                                
Downloaded from central: https://repo.maven.apache.org/maven2/org/codehaus/plexus/plexus-compiler-javac/2.8.4/plexus-compiler-javac-2.8.4.jar (21 kB at 645 kB/s)
Progress (1): 196/317 kB
Progress (1): 212/317 kB
Progress (1): 229/317 kB
Progress (1): 245/317 kB
Progress (1): 262/317 kB
Progress (1): 278/317 kB
Progress (1): 294/317 kB
Progress (1): 311/317 kB
Progress (1): 317 kB    
                    
Downloaded from central: https://repo.maven.apache.org/maven2/com/thoughtworks/qdox/qdox/2.0-M9/qdox-2.0-M9.jar (317 kB at 8.8 MB/s)
[INFO] Changes detected - recompiling the module!
[INFO] Compiling 22 source files to /home/runner/work/E-commerce-project-springBoot/E-commerce-project-springBoot/JtProject/target/classes
[INFO] /home/runner/work/E-commerce-project-springBoot/E-commerce-project-springBoot/JtProject/src/main/java/com/jtspringproject/JtSpringProject/dao/cartProductDao.java: Some input files use unchecked or unsafe operations.
[INFO] /home/runner/work/E-commerce-project-springBoot/E-commerce-project-springBoot/JtProject/src/main/java/com/jtspringproject/JtSpringProject/dao/cartProductDao.java: Recompile with -Xlint:unchecked for details.
[INFO] 
[INFO] --- resources:3.2.0:testResources (default-testResources) @ JtSpringProject ---
[INFO] Using 'UTF-8' encoding to copy filtered resources.
[INFO] Using 'UTF-8' encoding to copy filtered properties files.
[INFO] skip non existing resourceDirectory /home/runner/work/E-commerce-project-springBoot/E-commerce-project-springBoot/JtProject/src/test/resources
[INFO] 
[INFO] --- compiler:3.8.1:testCompile (default-testCompile) @ JtSpringProject ---
[INFO] Changes detected - recompiling the module!
[INFO] Compiling 5 source files to /home/runner/work/E-commerce-project-springBoot/E-commerce-project-springBoot/JtProject/target/test-classes
[INFO] -------------------------------------------------------------
Error:  COMPILATION ERROR : 
[INFO] -------------------------------------------------------------
Error:  /home/runner/work/E-commerce-project-springBoot/E-commerce-project-springBoot/JtProject/src/test/java/com/jtspringproject/JtSpringProject/services/productServiceTest.java:[10,19] cannot find symbol
  symbol:   class MockitoExtension
  location: package org.mockito
Error:  /home/runner/work/E-commerce-project-springBoot/E-commerce-project-springBoot/JtProject/src/test/java/com/jtspringproject/JtSpringProject/services/productServiceTest.java:[29,13] cannot find symbol
  symbol: class MockitoExtension
Error:  /home/runner/work/E-commerce-project-springBoot/E-commerce-project-springBoot/JtProject/src/test/java/com/jtspringproject/JtSpringProject/JtSpringProjectApplicationTest.java:[27,51] no suitable method found for run(java.lang.Class<com.jtspringproject.JtSpringProject.JtSpringProjectApplication>,org.springframework.mock.web.MockServletContext)
    method org.springframework.boot.SpringApplication.run(java.lang.String...) is not applicable
      (varargs mismatch; java.lang.Class<com.jtspringproject.JtSpringProject.JtSpringProjectApplication> cannot be converted to java.lang.String)
    method org.springframework.boot.SpringApplication.run(java.lang.Class<?>,java.lang.String...) is not applicable
      (varargs mismatch; org.springframework.mock.web.MockServletContext cannot be converted to java.lang.String)
    method org.springframework.boot.SpringApplication.run(java.lang.Class<?>[],java.lang.String[]) is not applicable
      (argument mismatch; java.lang.Class<com.jtspringproject.JtSpringProject.JtSpringProjectApplication> cannot be converted to java.lang.Class<?>[])
[INFO] 3 errors 
[INFO] -------------------------------------------------------------
[INFO] ------------------------------------------------------------------------
[INFO] BUILD FAILURE
[INFO] ------------------------------------------------------------------------
[INFO] Total time:  9.765 s
[INFO] Finished at: 2025-09-13T18:55:22Z
[INFO] ------------------------------------------------------------------------
Error:  Failed to execute goal org.apache.maven.plugins:maven-compiler-plugin:3.8.1:testCompile (default-testCompile) on project JtSpringProject: Compilation failure: Compilation failure: 
Error:  /home/runner/work/E-commerce-project-springBoot/E-commerce-project-springBoot/JtProject/src/test/java/com/jtspringproject/JtSpringProject/services/productServiceTest.java:[10,19] cannot find symbol
Error:    symbol:   class MockitoExtension
Error:    location: package org.mockito
Error:  /home/runner/work/E-commerce-project-springBoot/E-commerce-project-springBoot/JtProject/src/test/java/com/jtspringproject/JtSpringProject/services/productServiceTest.java:[29,13] cannot find symbol
Error:    symbol: class MockitoExtension
Error:  /home/runner/work/E-commerce-project-springBoot/E-commerce-project-springBoot/JtProject/src/test/java/com/jtspringproject/JtSpringProject/JtSpringProjectApplicationTest.java:[27,51] no suitable method found for run(java.lang.Class<com.jtspringproject.JtSpringProject.JtSpringProjectApplication>,org.springframework.mock.web.MockServletContext)
Error:      method org.springframework.boot.SpringApplication.run(java.lang.String...) is not applicable
Error:        (varargs mismatch; java.lang.Class<com.jtspringproject.JtSpringProject.JtSpringProjectApplication> cannot be converted to java.lang.String)
Error:      method org.springframework.boot.SpringApplication.run(java.lang.Class<?>,java.lang.String...) is not applicable
Error:        (varargs mismatch; org.springframework.mock.web.MockServletContext cannot be converted to java.lang.String)
Error:      method org.springframework.boot.SpringApplication.run(java.lang.Class<?>[],java.lang.String[]) is not applicable
Error:        (argument mismatch; java.lang.Class<com.jtspringproject.JtSpringProject.JtSpringProjectApplication> cannot be converted to java.lang.Class<?>[])
Error:  -> [Help 1]
Error:  
Error:  To see the full stack trace of the errors, re-run Maven with the -e switch.
Error:  Re-run Maven using the -X switch to enable full debug logging.
Error:  
Error:  For more information about the errors and possible solutions, please read the following articles:
Error:  [Help 1] http://cwiki.apache.org/confluence/display/MAVEN/MojoFailureException
‚ö†Ô∏è Some tests failed, continuing with error-driven iteration
‚úÖ Maven tests completed
Run echo "üîÑ Starting error-driven test improvement..."
üîÑ Starting error-driven test improvement...
üîÑ Starting error-driven test improvement...
üéØ Error iteration focusing on 5 changed files only
Found 5 Java source files
üîÑ Iteration 1/5
üß™ Running Maven tests...
‚ùå Tests failing with 27 error(s)
üîç Error details:
  Error 1: [INFO] --- compiler:3.8.1:compile (default-compile) @ JtSpringProject ---
[INFO] Nothing to compile - all classes are up to date
[INFO] 
[INFO] --- resources:3.2.0:testResources (default-testResources...
  Error 2: [INFO] Changes detected - recompiling the module!
[INFO] Compiling 5 source files to /home/runner/work/E-commerce-project-springBoot/E-commerce-project-springBoot/JtProject/target/test-classes
[INFO] ...
  Error 3: [INFO] -------------------------------------------------------------
Error:  /home/runner/work/E-commerce-project-springBoot/E-commerce-project-springBoot/JtProject/src/test/java/com/jtspringproject/J...
üìù Processing JtSpringProjectApplication.java -> JtSpringProjectApplicationTest.java
üîß Generating improved test for /home/runner/work/E-commerce-project-springBoot/E-commerce-project-springBoot/JtProject/src/main/java/com/jtspringproject/JtSpringProject/JtSpringProjectApplication.java based on errors...
üîç Captured 27 total errors, 15 relevant to JtSpringProjectApplication.java:
  Relevant Error 1:   location: package org.mockito
Error:  /home/runner/work/E-commerce-project-springBoot/E-commerce-project-springBoot/JtProject/src/test/java/com/jtspringproject/JtSpringProject/services/productServic...
Error: ant Error 2: [ERROR] /home/runner/work/E-commerce-project-springBoot/E-commerce-project-springBoot/JtProject/src/test/java/com/jtspringproject/JtSpringProject/services/productServiceTest.java:[29,13] cannot find s...
  Relevant Error 3:   symbol: class MockitoExtension
Error:  /home/runner/work/E-commerce-project-springBoot/E-commerce-project-springBoot/JtProject/src/test/java/com/jtspringproject/JtSpringProject/JtSpringProjectApplic...
Error: ant Error 4: [ERROR] /home/runner/work/E-commerce-project-springBoot/E-commerce-project-springBoot/JtProject/src/test/java/com/jtspringproject/JtSpringProject/JtSpringProjectApplicationTest.java:[27,51] no suitabl...
  Relevant Error 5:       (varargs mismatch; java.lang.Class<com.jtspringproject.JtSpringProject.JtSpringProjectApplication> cannot be converted to java.lang.String)
    method org.springframework.boot.SpringApplication....
  Relevant Error 6:       (varargs mismatch; org.springframework.mock.web.MockServletContext cannot be converted to java.lang.String)
    method org.springframework.boot.SpringApplication.run(java.lang.Class<?>[],java.la...
Error: ant Error 7: [ERROR]   location: package org.mockito
Error:  /home/runner/work/E-commerce-project-springBoot/E-commerce-project-springBoot/JtProject/src/test/java/com/jtspringproject/JtSpringProject/services/produ...
Error: ant Error 8: [ERROR] /home/runner/work/E-commerce-project-springBoot/E-commerce-project-springBoot/JtProject/src/test/java/com/jtspringproject/JtSpringProject/services/productServiceTest.java:[29,13] cannot find s...
Error: ant Error 9: [ERROR]   symbol: class MockitoExtension
Error:  /home/runner/work/E-commerce-project-springBoot/E-commerce-project-springBoot/JtProject/src/test/java/com/jtspringproject/JtSpringProject/JtSpringProje...
Error: ant Error 10: [ERROR] /home/runner/work/E-commerce-project-springBoot/E-commerce-project-springBoot/JtProject/src/test/java/com/jtspringproject/JtSpringProject/JtSpringProjectApplicationTest.java:[27,51] no suitabl...
Error: ant Error 11: [ERROR]     method org.springframework.boot.SpringApplication.run(java.lang.String...) is not applicable
Error:        (varargs mismatch; java.lang.Class<com.jtspringproject.JtSpringProject.JtSpringPr...
Error: ant Error 12: [ERROR]       (varargs mismatch; java.lang.Class<com.jtspringproject.JtSpringProject.JtSpringProjectApplication> cannot be converted to java.lang.String)
Error:      method org.springframework.boot.Sp...
Error: ant Error 13: [ERROR]     method org.springframework.boot.SpringApplication.run(java.lang.Class<?>,java.lang.String...) is not applicable
Error:        (varargs mismatch; org.springframework.mock.web.MockServletCon...
Error: ant Error 14: [ERROR]       (varargs mismatch; org.springframework.mock.web.MockServletContext cannot be converted to java.lang.String)
Error:      method org.springframework.boot.SpringApplication.run(java.lang.Cl...
Error: ant Error 15: [ERROR]     method org.springframework.boot.SpringApplication.run(java.lang.Class<?>[],java.lang.String[]) is not applicable
Error:        (argument mismatch; java.lang.Class<com.jtspringproject.JtSpr...
ü§ñ AI will receive error feedback of length: 8570 characters
ü§ñ First 1000 chars of error feedback:   location: package org.mockito
Error:  /home/runner/work/E-commerce-project-springBoot/E-commerce-project-springBoot/JtProject/src/test/java/com/jtspringproject/JtSpringProject/services/productServiceTest.java:[29,13] cannot find symbol
  symbol: class MockitoExtension
Error:  /home/runner/work/E-commerce-project-springBoot/E-commerce-project-springBoot/JtProject/src/test/java/com/jtspringproject/JtSpringProject/JtSpringProjectApplicationTest.java:[27,51] no suitable method found for run(java.lang.Class<com.jtspringproject.JtSpringProject.JtSpringProjectApplication>,org.springframework.mock.web.MockServletContext)
Error:  /home/runner/work/E-commerce-project-springBoot/E-commerce-project-springBoot/JtProject/src/test/java/com/jtspringproject/JtSpringProject/services/productServiceTest.java:[29,13] cannot find symbol
  symbol: class MockitoExtension
Error:  /home/runner/work/E-commerce-project-springBoot/E-commerce-project-springBoot/JtProject/src/test/java/com/jtspringproject/JtSpring...
ü§ñ Last 500 chars of error feedback: ...plicable
Error:        (argument mismatch; java.lang.Class<com.jtspringproject.JtSpringProject.JtSpringProjectApplication> cannot be converted to java.lang.Class<?>[])
Error:  -> [Help 1]
Error:      method org.springframework.boot.SpringApplication.run(java.lang.Class<?>[],java.lang.String[]) is not applicable
Error:        (argument mismatch; java.lang.Class<com.jtspringproject.JtSpringProject.JtSpringProjectApplication> cannot be converted to java.lang.Class<?>[])
Error:  -> [Help 1]
Error:  
ü§ñ Calling generate_tests.py with enhanced prompt...
ü§ñ Enhanced prompt length: 12995 characters
ü§ñ Generate test success: True
‚úÖ Generated improved test for JtSpringProjectApplication.java
üìù Processing Category.java -> CategoryTest.java
üîß Generating improved test for /home/runner/work/E-commerce-project-springBoot/E-commerce-project-springBoot/JtProject/src/main/java/com/jtspringproject/JtSpringProject/models/Category.java based on errors...
‚ö†Ô∏è No specific errors found for Category.java, using all errors as fallback
üîç Captured 27 total errors, 27 relevant to Category.java:
  Relevant Error 1: [INFO] --- compiler:3.8.1:compile (default-compile) @ JtSpringProject ---
[INFO] Nothing to compile - all classes are up to date
[INFO] 
[INFO] --- resources:3.2.0:testResources (default-testResources...
  Relevant Error 2: [INFO] Changes detected - recompiling the module!
[INFO] Compiling 5 source files to /home/runner/work/E-commerce-project-springBoot/E-commerce-project-springBoot/JtProject/target/test-classes
[INFO] ...
  Relevant Error 3: [INFO] -------------------------------------------------------------
Error:  /home/runner/work/E-commerce-project-springBoot/E-commerce-project-springBoot/JtProject/src/test/java/com/jtspringproject/J...
Error: ant Error 4: [ERROR] /home/runner/work/E-commerce-project-springBoot/E-commerce-project-springBoot/JtProject/src/test/java/com/jtspringproject/JtSpringProject/services/productServiceTest.java:[10,19] cannot find s...
  Relevant Error 5:   symbol:   class MockitoExtension
  location: package org.mockito
Error:  /home/runner/work/E-commerce-project-springBoot/E-commerce-project-springBoot/JtProject/src/test/java/com/jtspringproject/JtS...
  Relevant Error 6:   location: package org.mockito
Error:  /home/runner/work/E-commerce-project-springBoot/E-commerce-project-springBoot/JtProject/src/test/java/com/jtspringproject/JtSpringProject/services/productServic...
Error: ant Error 7: [ERROR] /home/runner/work/E-commerce-project-springBoot/E-commerce-project-springBoot/JtProject/src/test/java/com/jtspringproject/JtSpringProject/services/productServiceTest.java:[29,13] cannot find s...
  Relevant Error 8:   symbol: class MockitoExtension
Error:  /home/runner/work/E-commerce-project-springBoot/E-commerce-project-springBoot/JtProject/src/test/java/com/jtspringproject/JtSpringProject/JtSpringProjectApplic...
Error: ant Error 9: [ERROR] /home/runner/work/E-commerce-project-springBoot/E-commerce-project-springBoot/JtProject/src/test/java/com/jtspringproject/JtSpringProject/JtSpringProjectApplicationTest.java:[27,51] no suitabl...
  Relevant Error 10:       (varargs mismatch; java.lang.Class<com.jtspringproject.JtSpringProject.JtSpringProjectApplication> cannot be converted to java.lang.String)
    method org.springframework.boot.SpringApplication....
  Relevant Error 11:       (varargs mismatch; org.springframework.mock.web.MockServletContext cannot be converted to java.lang.String)
    method org.springframework.boot.SpringApplication.run(java.lang.Class<?>[],java.la...
  Relevant Error 12: [INFO] ------------------------------------------------------------------------
Error:  Failed to execute goal org.apache.maven.plugins:maven-compiler-plugin:3.8.1:testCompile (default-testCompile) on...
Error: ant Error 13: [ERROR] Failed to execute goal org.apache.maven.plugins:maven-compiler-plugin:3.8.1:testCompile (default-testCompile) on project JtSpringProject: Compilation failure: Compilation failure: 
Error:  /ho...
Error: ant Error 14: [ERROR] /home/runner/work/E-commerce-project-springBoot/E-commerce-project-springBoot/JtProject/src/test/java/com/jtspringproject/JtSpringProject/services/productServiceTest.java:[10,19] cannot find s...
Error: ant Error 15: [ERROR]   symbol:   class MockitoExtension
Error:    location: package org.mockito
Error:  /home/runner/work/E-commerce-project-springBoot/E-commerce-project-springBoot/JtProject/src/test/java/com/jts...
Error: ant Error 16: [ERROR]   location: package org.mockito
Error:  /home/runner/work/E-commerce-project-springBoot/E-commerce-project-springBoot/JtProject/src/test/java/com/jtspringproject/JtSpringProject/services/produ...
Error: ant Error 17: [ERROR] /home/runner/work/E-commerce-project-springBoot/E-commerce-project-springBoot/JtProject/src/test/java/com/jtspringproject/JtSpringProject/services/productServiceTest.java:[29,13] cannot find s...
Error: ant Error 18: [ERROR]   symbol: class MockitoExtension
Error:  /home/runner/work/E-commerce-project-springBoot/E-commerce-project-springBoot/JtProject/src/test/java/com/jtspringproject/JtSpringProject/JtSpringProje...
Error: ant Error 19: [ERROR] /home/runner/work/E-commerce-project-springBoot/E-commerce-project-springBoot/JtProject/src/test/java/com/jtspringproject/JtSpringProject/JtSpringProjectApplicationTest.java:[27,51] no suitabl...
Error: ant Error 20: [ERROR]     method org.springframework.boot.SpringApplication.run(java.lang.String...) is not applicable
Error:        (varargs mismatch; java.lang.Class<com.jtspringproject.JtSpringProject.JtSpringPr...
Error: ant Error 21: [ERROR]       (varargs mismatch; java.lang.Class<com.jtspringproject.JtSpringProject.JtSpringProjectApplication> cannot be converted to java.lang.String)
Error:      method org.springframework.boot.Sp...
Error: ant Error 22: [ERROR]     method org.springframework.boot.SpringApplication.run(java.lang.Class<?>,java.lang.String...) is not applicable
Error:        (varargs mismatch; org.springframework.mock.web.MockServletCon...
Error: ant Error 23: [ERROR]       (varargs mismatch; org.springframework.mock.web.MockServletContext cannot be converted to java.lang.String)
Error:      method org.springframework.boot.SpringApplication.run(java.lang.Cl...
Error: ant Error 24: [ERROR]     method org.springframework.boot.SpringApplication.run(java.lang.Class<?>[],java.lang.String[]) is not applicable
Error:        (argument mismatch; java.lang.Class<com.jtspringproject.JtSpr...
Error: ant Error 25: [ERROR] 
Error:  To see the full stack trace of the errors, re-run Maven with the -e switch.
Error:  Re-run Maven using the -X switch to enable full debug logging.
Error:  ...
Error: ant Error 26: [ERROR] To see the full stack trace of the errors, re-run Maven with the -e switch.
Error:  Re-run Maven using the -X switch to enable full debug logging.
Error:  
Error:  For more information about t...
Error: ant Error 27: [ERROR] For more information about the errors and possible solutions, please read the following articles:
Error:  [Help 1] http://cwiki.apache.org/confluence/display/MAVEN/MojoFailureException
...
ü§ñ AI will receive error feedback of length: 12670 characters
ü§ñ First 1000 chars of error feedback: [INFO] --- compiler:3.8.1:compile (default-compile) @ JtSpringProject ---
[INFO] Nothing to compile - all classes are up to date
[INFO] 
[INFO] --- resources:3.2.0:testResources (default-testResources) @ JtSpringProject ---
[INFO] Changes detected - recompiling the module!
[INFO] Compiling 5 source files to /home/runner/work/E-commerce-project-springBoot/E-commerce-project-springBoot/JtProject/target/test-classes
[INFO] -------------------------------------------------------------
Error:  COMPILATION ERROR : 
[INFO] -------------------------------------------------------------
Error:  /home/runner/work/E-commerce-project-springBoot/E-commerce-project-springBoot/JtProject/src/test/java/com/jtspringproject/JtSpringProject/services/productServiceTest.java:[10,19] cannot find symbol
  symbol:   class MockitoExtension
  location: package org.mockito
Error:  /home/runner/work/E-commerce-project-springBoot/E-commerce-project-springBoot/JtProject/src/test/java/com/jtspringproject/JtSpringProje...
ü§ñ Last 500 chars of error feedback: ... enable full debug logging.
Error:  
Error:  To see the full stack trace of the errors, re-run Maven with the -e switch.
Error:  Re-run Maven using the -X switch to enable full debug logging.
Error:  
Error:  For more information about the errors and possible solutions, please read the following articles:
Error:  For more information about the errors and possible solutions, please read the following articles:
Error:  [Help 1] http://cwiki.apache.org/confluence/display/MAVEN/MojoFailureException
ü§ñ Calling generate_tests.py with enhanced prompt...
ü§ñ Enhanced prompt length: 17602 characters
ü§ñ Generate test success: True
‚úÖ Generated improved test for Category.java
üìù Processing categoryService.java -> categoryServiceTest.java
üîß Generating improved test for /home/runner/work/E-commerce-project-springBoot/E-commerce-project-springBoot/JtProject/src/main/java/com/jtspringproject/JtSpringProject/services/categoryService.java based on errors...
‚ö†Ô∏è No specific errors found for categoryService.java, using all errors as fallback
üîç Captured 27 total errors, 27 relevant to categoryService.java:
  Relevant Error 1: [INFO] --- compiler:3.8.1:compile (default-compile) @ JtSpringProject ---
[INFO] Nothing to compile - all classes are up to date
[INFO] 
[INFO] --- resources:3.2.0:testResources (default-testResources...
  Relevant Error 2: [INFO] Changes detected - recompiling the module!
[INFO] Compiling 5 source files to /home/runner/work/E-commerce-project-springBoot/E-commerce-project-springBoot/JtProject/target/test-classes
[INFO] ...
  Relevant Error 3: [INFO] -------------------------------------------------------------
Error:  /home/runner/work/E-commerce-project-springBoot/E-commerce-project-springBoot/JtProject/src/test/java/com/jtspringproject/J...
Error: ant Error 4: [ERROR] /home/runner/work/E-commerce-project-springBoot/E-commerce-project-springBoot/JtProject/src/test/java/com/jtspringproject/JtSpringProject/services/productServiceTest.java:[10,19] cannot find s...
  Relevant Error 5:   symbol:   class MockitoExtension
  location: package org.mockito
Error:  /home/runner/work/E-commerce-project-springBoot/E-commerce-project-springBoot/JtProject/src/test/java/com/jtspringproject/JtS...
  Relevant Error 6:   location: package org.mockito
Error:  /home/runner/work/E-commerce-project-springBoot/E-commerce-project-springBoot/JtProject/src/test/java/com/jtspringproject/JtSpringProject/services/productServic...
Error: ant Error 7: [ERROR] /home/runner/work/E-commerce-project-springBoot/E-commerce-project-springBoot/JtProject/src/test/java/com/jtspringproject/JtSpringProject/services/productServiceTest.java:[29,13] cannot find s...
  Relevant Error 8:   symbol: class MockitoExtension
Error:  /home/runner/work/E-commerce-project-springBoot/E-commerce-project-springBoot/JtProject/src/test/java/com/jtspringproject/JtSpringProject/JtSpringProjectApplic...
Error: ant Error 9: [ERROR] /home/runner/work/E-commerce-project-springBoot/E-commerce-project-springBoot/JtProject/src/test/java/com/jtspringproject/JtSpringProject/JtSpringProjectApplicationTest.java:[27,51] no suitabl...
  Relevant Error 10:       (varargs mismatch; java.lang.Class<com.jtspringproject.JtSpringProject.JtSpringProjectApplication> cannot be converted to java.lang.String)
    method org.springframework.boot.SpringApplication....
  Relevant Error 11:       (varargs mismatch; org.springframework.mock.web.MockServletContext cannot be converted to java.lang.String)
    method org.springframework.boot.SpringApplication.run(java.lang.Class<?>[],java.la...
  Relevant Error 12: [INFO] ------------------------------------------------------------------------
Error:  Failed to execute goal org.apache.maven.plugins:maven-compiler-plugin:3.8.1:testCompile (default-testCompile) on...
Error: ant Error 13: [ERROR] Failed to execute goal org.apache.maven.plugins:maven-compiler-plugin:3.8.1:testCompile (default-testCompile) on project JtSpringProject: Compilation failure: Compilation failure: 
Error:  /ho...
Error: ant Error 14: [ERROR] /home/runner/work/E-commerce-project-springBoot/E-commerce-project-springBoot/JtProject/src/test/java/com/jtspringproject/JtSpringProject/services/productServiceTest.java:[10,19] cannot find s...
Error: ant Error 15: [ERROR]   symbol:   class MockitoExtension
Error:    location: package org.mockito
Error:  /home/runner/work/E-commerce-project-springBoot/E-commerce-project-springBoot/JtProject/src/test/java/com/jts...
Error: ant Error 16: [ERROR]   location: package org.mockito
Error:  /home/runner/work/E-commerce-project-springBoot/E-commerce-project-springBoot/JtProject/src/test/java/com/jtspringproject/JtSpringProject/services/produ...
Error: ant Error 17: [ERROR] /home/runner/work/E-commerce-project-springBoot/E-commerce-project-springBoot/JtProject/src/test/java/com/jtspringproject/JtSpringProject/services/productServiceTest.java:[29,13] cannot find s...
Error: ant Error 18: [ERROR]   symbol: class MockitoExtension
Error:  /home/runner/work/E-commerce-project-springBoot/E-commerce-project-springBoot/JtProject/src/test/java/com/jtspringproject/JtSpringProject/JtSpringProje...
Error: ant Error 19: [ERROR] /home/runner/work/E-commerce-project-springBoot/E-commerce-project-springBoot/JtProject/src/test/java/com/jtspringproject/JtSpringProject/JtSpringProjectApplicationTest.java:[27,51] no suitabl...
Error: ant Error 20: [ERROR]     method org.springframework.boot.SpringApplication.run(java.lang.String...) is not applicable
Error:        (varargs mismatch; java.lang.Class<com.jtspringproject.JtSpringProject.JtSpringPr...
Error: ant Error 21: [ERROR]       (varargs mismatch; java.lang.Class<com.jtspringproject.JtSpringProject.JtSpringProjectApplication> cannot be converted to java.lang.String)
Error:      method org.springframework.boot.Sp...
Error: ant Error 22: [ERROR]     method org.springframework.boot.SpringApplication.run(java.lang.Class<?>,java.lang.String...) is not applicable
Error:        (varargs mismatch; org.springframework.mock.web.MockServletCon...
Error: ant Error 23: [ERROR]       (varargs mismatch; org.springframework.mock.web.MockServletContext cannot be converted to java.lang.String)
Error:      method org.springframework.boot.SpringApplication.run(java.lang.Cl...
Error: ant Error 24: [ERROR]     method org.springframework.boot.SpringApplication.run(java.lang.Class<?>[],java.lang.String[]) is not applicable
Error:        (argument mismatch; java.lang.Class<com.jtspringproject.JtSpr...
Error: ant Error 25: [ERROR] 
Error:  To see the full stack trace of the errors, re-run Maven with the -e switch.
Error:  Re-run Maven using the -X switch to enable full debug logging.
Error:  ...
Error: ant Error 26: [ERROR] To see the full stack trace of the errors, re-run Maven with the -e switch.
Error:  Re-run Maven using the -X switch to enable full debug logging.
Error:  
Error:  For more information about t...
Error: ant Error 27: [ERROR] For more information about the errors and possible solutions, please read the following articles:
Error:  [Help 1] http://cwiki.apache.org/confluence/display/MAVEN/MojoFailureException
...
ü§ñ AI will receive error feedback of length: 12670 characters
ü§ñ First 1000 chars of error feedback: [INFO] --- compiler:3.8.1:compile (default-compile) @ JtSpringProject ---
[INFO] Nothing to compile - all classes are up to date
[INFO] 
[INFO] --- resources:3.2.0:testResources (default-testResources) @ JtSpringProject ---
[INFO] Changes detected - recompiling the module!
[INFO] Compiling 5 source files to /home/runner/work/E-commerce-project-springBoot/E-commerce-project-springBoot/JtProject/target/test-classes
[INFO] -------------------------------------------------------------
Error:  COMPILATION ERROR : 
[INFO] -------------------------------------------------------------
Error:  /home/runner/work/E-commerce-project-springBoot/E-commerce-project-springBoot/JtProject/src/test/java/com/jtspringproject/JtSpringProject/services/productServiceTest.java:[10,19] cannot find symbol
  symbol:   class MockitoExtension
  location: package org.mockito
Error:  /home/runner/work/E-commerce-project-springBoot/E-commerce-project-springBoot/JtProject/src/test/java/com/jtspringproject/JtSpringProje...
ü§ñ Last 500 chars of error feedback: ... enable full debug logging.
Error:  
Error:  To see the full stack trace of the errors, re-run Maven with the -e switch.
Error:  Re-run Maven using the -X switch to enable full debug logging.
Error:  
Error:  For more information about the errors and possible solutions, please read the following articles:
Error:  For more information about the errors and possible solutions, please read the following articles:
Error:  [Help 1] http://cwiki.apache.org/confluence/display/MAVEN/MojoFailureException
ü§ñ Calling generate_tests.py with enhanced prompt...
ü§ñ Enhanced prompt length: 20554 characters
ü§ñ Generate test success: True
‚úÖ Generated improved test for categoryService.java
üìù Processing productService.java -> productServiceTest.java
üîß Generating improved test for /home/runner/work/E-commerce-project-springBoot/E-commerce-project-springBoot/JtProject/src/main/java/com/jtspringproject/JtSpringProject/services/productService.java based on errors...
üîç Captured 27 total errors, 11 relevant to productService.java:
  Relevant Error 1: [INFO] -------------------------------------------------------------
Error:  /home/runner/work/E-commerce-project-springBoot/E-commerce-project-springBoot/JtProject/src/test/java/com/jtspringproject/J...
Error: ant Error 2: [ERROR] /home/runner/work/E-commerce-project-springBoot/E-commerce-project-springBoot/JtProject/src/test/java/com/jtspringproject/JtSpringProject/services/productServiceTest.java:[10,19] cannot find s...
  Relevant Error 3:   symbol:   class MockitoExtension
  location: package org.mockito
Error:  /home/runner/work/E-commerce-project-springBoot/E-commerce-project-springBoot/JtProject/src/test/java/com/jtspringproject/JtS...
  Relevant Error 4:   location: package org.mockito
Error:  /home/runner/work/E-commerce-project-springBoot/E-commerce-project-springBoot/JtProject/src/test/java/com/jtspringproject/JtSpringProject/services/productServic...
Error: ant Error 5: [ERROR] /home/runner/work/E-commerce-project-springBoot/E-commerce-project-springBoot/JtProject/src/test/java/com/jtspringproject/JtSpringProject/services/productServiceTest.java:[29,13] cannot find s...
  Relevant Error 6: [INFO] ------------------------------------------------------------------------
Error:  Failed to execute goal org.apache.maven.plugins:maven-compiler-plugin:3.8.1:testCompile (default-testCompile) on...
Error: ant Error 7: [ERROR] Failed to execute goal org.apache.maven.plugins:maven-compiler-plugin:3.8.1:testCompile (default-testCompile) on project JtSpringProject: Compilation failure: Compilation failure: 
Error:  /ho...
Error: ant Error 8: [ERROR] /home/runner/work/E-commerce-project-springBoot/E-commerce-project-springBoot/JtProject/src/test/java/com/jtspringproject/JtSpringProject/services/productServiceTest.java:[10,19] cannot find s...
Error: ant Error 9: [ERROR]   symbol:   class MockitoExtension
Error:    location: package org.mockito
Error:  /home/runner/work/E-commerce-project-springBoot/E-commerce-project-springBoot/JtProject/src/test/java/com/jts...
Error: ant Error 10: [ERROR]   location: package org.mockito
Error:  /home/runner/work/E-commerce-project-springBoot/E-commerce-project-springBoot/JtProject/src/test/java/com/jtspringproject/JtSpringProject/services/produ...
Error: ant Error 11: [ERROR] /home/runner/work/E-commerce-project-springBoot/E-commerce-project-springBoot/JtProject/src/test/java/com/jtspringproject/JtSpringProject/services/productServiceTest.java:[29,13] cannot find s...
ü§ñ AI will receive error feedback of length: 5601 characters
ü§ñ First 1000 chars of error feedback: [INFO] -------------------------------------------------------------
Error:  /home/runner/work/E-commerce-project-springBoot/E-commerce-project-springBoot/JtProject/src/test/java/com/jtspringproject/JtSpringProject/services/productServiceTest.java:[10,19] cannot find symbol
  symbol:   class MockitoExtension
  location: package org.mockito
Error:  /home/runner/work/E-commerce-project-springBoot/E-commerce-project-springBoot/JtProject/src/test/java/com/jtspringproject/JtSpringProject/services/productServiceTest.java:[10,19] cannot find symbol
  symbol:   class MockitoExtension
  location: package org.mockito
Error:  /home/runner/work/E-commerce-project-springBoot/E-commerce-project-springBoot/JtProject/src/test/java/com/jtspringproject/JtSpringProject/services/productServiceTest.java:[29,13] cannot find symbol
  symbol:   class MockitoExtension
  location: package org.mockito
Error:  /home/runner/work/E-commerce-project-springBoot/E-commerce-project-springBoot/JtProject/src/test/java/co...
ü§ñ Last 500 chars of error feedback: ...ol
Error:    symbol: class MockitoExtension
Error:  /home/runner/work/E-commerce-project-springBoot/E-commerce-project-springBoot/JtProject/src/test/java/com/jtspringproject/JtSpringProject/JtSpringProjectApplicationTest.java:[27,51] no suitable method found for run(java.lang.Class<com.jtspringproject.JtSpringProject.JtSpringProjectApplication>,org.springframework.mock.web.MockServletContext)
Error:      method org.springframework.boot.SpringApplication.run(java.lang.String...) is not applicable
ü§ñ Calling generate_tests.py with enhanced prompt...
ü§ñ Enhanced prompt length: 13487 characters
ü§ñ Generate test success: True
‚úÖ Generated improved test for productService.java
üìù Processing userService.java -> userServiceTest.java
üîß Generating improved test for /home/runner/work/E-commerce-project-springBoot/E-commerce-project-springBoot/JtProject/src/main/java/com/jtspringproject/JtSpringProject/services/userService.java based on errors...
‚ö†Ô∏è No specific errors found for userService.java, using all errors as fallback
üîç Captured 27 total errors, 27 relevant to userService.java:
  Relevant Error 1: [INFO] --- compiler:3.8.1:compile (default-compile) @ JtSpringProject ---
[INFO] Nothing to compile - all classes are up to date
[INFO] 
[INFO] --- resources:3.2.0:testResources (default-testResources...
  Relevant Error 2: [INFO] Changes detected - recompiling the module!
[INFO] Compiling 5 source files to /home/runner/work/E-commerce-project-springBoot/E-commerce-project-springBoot/JtProject/target/test-classes
[INFO] ...
  Relevant Error 3: [INFO] -------------------------------------------------------------
Error:  /home/runner/work/E-commerce-project-springBoot/E-commerce-project-springBoot/JtProject/src/test/java/com/jtspringproject/J...
Error: ant Error 4: [ERROR] /home/runner/work/E-commerce-project-springBoot/E-commerce-project-springBoot/JtProject/src/test/java/com/jtspringproject/JtSpringProject/services/productServiceTest.java:[10,19] cannot find s...
  Relevant Error 5:   symbol:   class MockitoExtension
  location: package org.mockito
Error:  /home/runner/work/E-commerce-project-springBoot/E-commerce-project-springBoot/JtProject/src/test/java/com/jtspringproject/JtS...
  Relevant Error 6:   location: package org.mockito
Error:  /home/runner/work/E-commerce-project-springBoot/E-commerce-project-springBoot/JtProject/src/test/java/com/jtspringproject/JtSpringProject/services/productServic...
Error: ant Error 7: [ERROR] /home/runner/work/E-commerce-project-springBoot/E-commerce-project-springBoot/JtProject/src/test/java/com/jtspringproject/JtSpringProject/services/productServiceTest.java:[29,13] cannot find s...
  Relevant Error 8:   symbol: class MockitoExtension
Error:  /home/runner/work/E-commerce-project-springBoot/E-commerce-project-springBoot/JtProject/src/test/java/com/jtspringproject/JtSpringProject/JtSpringProjectApplic...
Error: ant Error 9: [ERROR] /home/runner/work/E-commerce-project-springBoot/E-commerce-project-springBoot/JtProject/src/test/java/com/jtspringproject/JtSpringProject/JtSpringProjectApplicationTest.java:[27,51] no suitabl...
  Relevant Error 10:       (varargs mismatch; java.lang.Class<com.jtspringproject.JtSpringProject.JtSpringProjectApplication> cannot be converted to java.lang.String)
    method org.springframework.boot.SpringApplication....
  Relevant Error 11:       (varargs mismatch; org.springframework.mock.web.MockServletContext cannot be converted to java.lang.String)
    method org.springframework.boot.SpringApplication.run(java.lang.Class<?>[],java.la...
  Relevant Error 12: [INFO] ------------------------------------------------------------------------
Error:  Failed to execute goal org.apache.maven.plugins:maven-compiler-plugin:3.8.1:testCompile (default-testCompile) on...
Error: ant Error 13: [ERROR] Failed to execute goal org.apache.maven.plugins:maven-compiler-plugin:3.8.1:testCompile (default-testCompile) on project JtSpringProject: Compilation failure: Compilation failure: 
Error:  /ho...
Error: ant Error 14: [ERROR] /home/runner/work/E-commerce-project-springBoot/E-commerce-project-springBoot/JtProject/src/test/java/com/jtspringproject/JtSpringProject/services/productServiceTest.java:[10,19] cannot find s...
Error: ant Error 15: [ERROR]   symbol:   class MockitoExtension
Error:    location: package org.mockito
Error:  /home/runner/work/E-commerce-project-springBoot/E-commerce-project-springBoot/JtProject/src/test/java/com/jts...
Error: ant Error 16: [ERROR]   location: package org.mockito
Error:  /home/runner/work/E-commerce-project-springBoot/E-commerce-project-springBoot/JtProject/src/test/java/com/jtspringproject/JtSpringProject/services/produ...
Error: ant Error 17: [ERROR] /home/runner/work/E-commerce-project-springBoot/E-commerce-project-springBoot/JtProject/src/test/java/com/jtspringproject/JtSpringProject/services/productServiceTest.java:[29,13] cannot find s...
Error: ant Error 18: [ERROR]   symbol: class MockitoExtension
Error:  /home/runner/work/E-commerce-project-springBoot/E-commerce-project-springBoot/JtProject/src/test/java/com/jtspringproject/JtSpringProject/JtSpringProje...
Error: ant Error 19: [ERROR] /home/runner/work/E-commerce-project-springBoot/E-commerce-project-springBoot/JtProject/src/test/java/com/jtspringproject/JtSpringProject/JtSpringProjectApplicationTest.java:[27,51] no suitabl...
Error: ant Error 20: [ERROR]     method org.springframework.boot.SpringApplication.run(java.lang.String...) is not applicable
Error:        (varargs mismatch; java.lang.Class<com.jtspringproject.JtSpringProject.JtSpringPr...
Error: ant Error 21: [ERROR]       (varargs mismatch; java.lang.Class<com.jtspringproject.JtSpringProject.JtSpringProjectApplication> cannot be converted to java.lang.String)
Error:      method org.springframework.boot.Sp...
Error: ant Error 22: [ERROR]     method org.springframework.boot.SpringApplication.run(java.lang.Class<?>,java.lang.String...) is not applicable
Error:        (varargs mismatch; org.springframework.mock.web.MockServletCon...
Error: ant Error 23: [ERROR]       (varargs mismatch; org.springframework.mock.web.MockServletContext cannot be converted to java.lang.String)
Error:      method org.springframework.boot.SpringApplication.run(java.lang.Cl...
Error: ant Error 24: [ERROR]     method org.springframework.boot.SpringApplication.run(java.lang.Class<?>[],java.lang.String[]) is not applicable
Error:        (argument mismatch; java.lang.Class<com.jtspringproject.JtSpr...
Error: ant Error 25: [ERROR] 
Error:  To see the full stack trace of the errors, re-run Maven with the -e switch.
Error:  Re-run Maven using the -X switch to enable full debug logging.
Error:  ...
Error: ant Error 26: [ERROR] To see the full stack trace of the errors, re-run Maven with the -e switch.
Error:  Re-run Maven using the -X switch to enable full debug logging.
Error:  
Error:  For more information about t...
Error: ant Error 27: [ERROR] For more information about the errors and possible solutions, please read the following articles:
Error:  [Help 1] http://cwiki.apache.org/confluence/display/MAVEN/MojoFailureException
...
ü§ñ AI will receive error feedback of length: 12670 characters
ü§ñ First 1000 chars of error feedback: [INFO] --- compiler:3.8.1:compile (default-compile) @ JtSpringProject ---
[INFO] Nothing to compile - all classes are up to date
[INFO] 
[INFO] --- resources:3.2.0:testResources (default-testResources) @ JtSpringProject ---
[INFO] Changes detected - recompiling the module!
[INFO] Compiling 5 source files to /home/runner/work/E-commerce-project-springBoot/E-commerce-project-springBoot/JtProject/target/test-classes
[INFO] -------------------------------------------------------------
Error:  COMPILATION ERROR : 
[INFO] -------------------------------------------------------------
Error:  /home/runner/work/E-commerce-project-springBoot/E-commerce-project-springBoot/JtProject/src/test/java/com/jtspringproject/JtSpringProject/services/productServiceTest.java:[10,19] cannot find symbol
  symbol:   class MockitoExtension
  location: package org.mockito
Error:  /home/runner/work/E-commerce-project-springBoot/E-commerce-project-springBoot/JtProject/src/test/java/com/jtspringproject/JtSpringProje...
ü§ñ Last 500 chars of error feedback: ... enable full debug logging.
Error:  
Error:  To see the full stack trace of the errors, re-run Maven with the -e switch.
Error:  Re-run Maven using the -X switch to enable full debug logging.
Error:  
Error:  For more information about the errors and possible solutions, please read the following articles:
Error:  For more information about the errors and possible solutions, please read the following articles:
Error:  [Help 1] http://cwiki.apache.org/confluence/display/MAVEN/MojoFailureException
ü§ñ Calling generate_tests.py with enhanced prompt...
ü§ñ Enhanced prompt length: 21608 characters
ü§ñ Generate test success: True
‚úÖ Generated improved test for userService.java
üîÑ Iteration 2/5
üß™ Running Maven tests...
‚ùå Tests failing with 33 error(s)
üîç Error details:
  Error 1: [INFO] --- compiler:3.8.1:compile (default-compile) @ JtSpringProject ---
[INFO] Nothing to compile - all classes are up to date
[INFO] 
[INFO] --- resources:3.2.0:testResources (default-testResources...
  Error 2: [INFO] Changes detected - recompiling the module!
[INFO] Compiling 5 source files to /home/runner/work/E-commerce-project-springBoot/E-commerce-project-springBoot/JtProject/target/test-classes
[INFO] ...
  Error 3: Downloaded from central: https://repo.maven.apache.org/maven2/org/codehaus/plexus/plexus-utils/1.0.4/plexus-utils-1.0.4.pom (6.9 kB at 1.7 MB/s)
Downloading from central: https://repo.maven.apache.org...
üìù Processing JtSpringProjectApplication.java -> JtSpringProjectApplicationTest.java
üîß Generating improved test for /home/runner/work/E-commerce-project-springBoot/E-commerce-project-springBoot/JtProject/src/main/java/com/jtspringproject/JtSpringProject/JtSpringProjectApplication.java based on errors...
üîç Captured 33 total errors, 13 relevant to JtSpringProjectApplication.java:
  Relevant Error 1: 	at org.springframework.boot.SpringApplication.run(SpringApplication.java:1301) ~[spring-boot-2.6.4.jar:2.6.4]
	at com.jtspringproject.JtSpringProject.JtSpringProjectApplication.main(JtSpringProjectAp...
  Relevant Error 2: 	at com.jtspringproject.JtSpringProject.JtSpringProjectApplication.main(JtSpringProjectApplication.java:11) ~[classes/:na]
	at com.jtspringproject.JtSpringProject.JtSpringProjectApplicationTest.lambda...
  Relevant Error 3: 	at org.junit.jupiter.api.Assertions.assertDoesNotThrow(Assertions.java:3135) ~[junit-jupiter-api-5.8.2.jar:5.8.2]
	at com.jtspringproject.JtSpringProject.JtSpringProjectApplicationTest.contextLoads(J...
  Relevant Error 4: 	at org.springframework.boot.SpringApplication.run(SpringApplication.java:1301) ~[spring-boot-2.6.4.jar:2.6.4]
	at com.jtspringproject.JtSpringProject.JtSpringProjectApplication.main(JtSpringProjectAp...
  Relevant Error 5: 	at com.jtspringproject.JtSpringProject.JtSpringProjectApplication.main(JtSpringProjectApplication.java:11) ~[classes/:na]
	at com.jtspringproject.JtSpringProject.JtSpringProjectApplicationTest.lambda...
  Relevant Error 6: 	at org.junit.jupiter.api.Assertions.assertDoesNotThrow(Assertions.java:3135) ~[junit-jupiter-api-5.8.2.jar:5.8.2]
	at com.jtspringproject.JtSpringProject.JtSpringProjectApplicationTest.contextLoads(J...
  Relevant Error 7: 
Error:  Tests run: 1, Failures: 1, Errors: 0, Skipped: 0, Time elapsed: 6.141 s <<< FAILURE! - in com.jtspringproject.JtSpringProject.JtSpringProjectApplicationTest
Error:  contextLoads  Time elapsed...
Error: ant Error 8: [ERROR] contextLoads  Time elapsed: 6.132 s  <<< FAILURE!
org.opentest4j.AssertionFailedError: Unexpected exception thrown: org.springframework.beans.factory.UnsatisfiedDependencyException: Error crea...
  Relevant Error 9: 	at com.jtspringproject.JtSpringProject.JtSpringProjectApplicationTest.contextLoads(JtSpringProjectApplicationTest.java:29)
Caused by: org.springframework.beans.factory.UnsatisfiedDependencyException:...
  Relevant Error 10: 	at com.jtspringproject.JtSpringProject.JtSpringProjectApplicationTest.contextLoads(JtSpringProjectApplicationTest.java:29)
Caused by: org.springframework.beans.factory.UnsatisfiedDependencyException:...
  Relevant Error 11: 	at com.jtspringproject.JtSpringProject.JtSpringProjectApplicationTest.contextLoads(JtSpringProjectApplicationTest.java:29)
Caused by: org.springframework.beans.factory.UnsatisfiedDependencyException:...
  Relevant Error 12: 	at com.jtspringproject.JtSpringProject.JtSpringProjectApplicationTest.contextLoads(JtSpringProjectApplicationTest.java:29)
Caused by: org.springframework.beans.factory.BeanCreationException: Error cr...
Error: ant Error 13: [ERROR] Failures: 
Error:    JtSpringProjectApplicationTest.contextLoads:29 Unexpected exception thrown: org.springframework.beans.factory.UnsatisfiedDependencyException: Error creating bean with name...
ü§ñ AI will receive error feedback of length: 12657 characters
ü§ñ First 1000 chars of error feedback: 	at org.springframework.boot.SpringApplication.run(SpringApplication.java:1301) ~[spring-boot-2.6.4.jar:2.6.4]
	at com.jtspringproject.JtSpringProject.JtSpringProjectApplication.main(JtSpringProjectApplication.java:11) ~[classes/:na]
	at com.jtspringproject.JtSpringProject.JtSpringProjectApplicationTest.lambda$contextLoads$0(JtSpringProjectApplicationTest.java:29) ~[test-classes/:na]
	at org.junit.jupiter.api.AssertDoesNotThrow.assertDoesNotThrow(AssertDoesNotThrow.java:50) ~[junit-jupiter-api-5.8.2.jar:5.8.2]
	at com.jtspringproject.JtSpringProject.JtSpringProjectApplication.main(JtSpringProjectApplication.java:11) ~[classes/:na]
	at com.jtspringproject.JtSpringProject.JtSpringProjectApplicationTest.lambda$contextLoads$0(JtSpringProjectApplicationTest.java:29) ~[test-classes/:na]
	at org.junit.jupiter.api.AssertDoesNotThrow.assertDoesNotThrow(AssertDoesNotThrow.java:50) ~[junit-jupiter-api-5.8.2.jar:5.8.2]
	at org.junit.jupiter.api.AssertDoesNotThrow.assertDoesNotThrow(AssertDoesNotTh...
ü§ñ Last 500 chars of error feedback: ...isfied dependency expressed through field 'sessionFactory'; nested exception is org.springframework.beans.factory.BeanCreationException: Error creating bean with name 'sessionFactory' defined in class path resource [com/jtspringproject/JtSpringProject/HibernateConfiguration.class]: Invocation of init method failed; nested exception is org.hibernate.exception.JDBCConnectionException: Unable to open JDBC Connection for DDL execution
[INFO] 
Error:  Tests run: 34, Failures: 1, Errors: 0, Skipped: 0
ü§ñ Calling generate_tests.py with enhanced prompt...
ü§ñ Enhanced prompt length: 16996 characters
ü§ñ Generate test success: True
‚úÖ Generated improved test for JtSpringProjectApplication.java
üìù Processing Category.java -> CategoryTest.java
üîß Generating improved test for /home/runner/work/E-commerce-project-springBoot/E-commerce-project-springBoot/JtProject/src/main/java/com/jtspringproject/JtSpringProject/models/Category.java based on errors...
‚ö†Ô∏è No specific errors found for Category.java, using all errors as fallback
üîç Captured 33 total errors, 33 relevant to Category.java:
  Relevant Error 1: [INFO] --- compiler:3.8.1:compile (default-compile) @ JtSpringProject ---
[INFO] Nothing to compile - all classes are up to date
[INFO] 
[INFO] --- resources:3.2.0:testResources (default-testResources...
  Relevant Error 2: [INFO] Changes detected - recompiling the module!
[INFO] Compiling 5 source files to /home/runner/work/E-commerce-project-springBoot/E-commerce-project-springBoot/JtProject/target/test-classes
[INFO] ...
  Relevant Error 3: Downloaded from central: https://repo.maven.apache.org/maven2/org/codehaus/plexus/plexus-utils/1.0.4/plexus-utils-1.0.4.pom (6.9 kB at 1.7 MB/s)
Downloading from central: https://repo.maven.apache.org...
  Relevant Error 4:                     
Downloaded from central: https://repo.maven.apache.org/maven2/classworlds/classworlds/1.1-alpha-2/classworlds-1.1-alpha-2.pom (3.1 kB at 782 kB/s)
Downloading from central: https:...
  Relevant Error 5: Downloaded from central: https://repo.maven.apache.org/maven2/classworlds/classworlds/1.1-alpha-2/classworlds-1.1-alpha-2.pom (3.1 kB at 782 kB/s)
Downloading from central: https://repo.maven.apache.o...
  Relevant Error 6:                     
Downloaded from central: https://repo.maven.apache.org/maven2/classworlds/classworlds/1.1/classworlds-1.1.pom (3.3 kB at 665 kB/s)
Downloading from central: https://repo.maven.apa...
  Relevant Error 7: Downloaded from central: https://repo.maven.apache.org/maven2/org/apache/maven/maven-error-diagnostics/2.2.1/maven-error-diagnostics-2.2.1.jar (13 kB at 132 kB/s)
Downloading from central: https://rep...
  Relevant Error 8:                                                       
Downloaded from central: https://repo.maven.apache.org/maven2/classworlds/classworlds/1.1/classworlds-1.1.jar (38 kB at 364 kB/s)
Progress (3): 2...
  Relevant Error 9: 2025-09-13 18:56:04.371  INFO 2460 --- [           main] .s.d.r.c.RepositoryConfigurationDelegate : Bootstrapping Spring Data JPA repositories in DEFAULT mode.
2025-09-13 18:56:04.447  INFO 2460 --- [...
  Relevant Error 10: 	at org.springframework.boot.SpringApplication.run(SpringApplication.java:1301) ~[spring-boot-2.6.4.jar:2.6.4]
	at com.jtspringproject.JtSpringProject.JtSpringProjectApplication.main(JtSpringProjectAp...
  Relevant Error 11: 	at com.jtspringproject.JtSpringProject.JtSpringProjectApplication.main(JtSpringProjectApplication.java:11) ~[classes/:na]
	at com.jtspringproject.JtSpringProject.JtSpringProjectApplicationTest.lambda...
  Relevant Error 12: 	at org.junit.jupiter.api.Assertions.assertDoesNotThrow(Assertions.java:3135) ~[junit-jupiter-api-5.8.2.jar:5.8.2]
	at com.jtspringproject.JtSpringProject.JtSpringProjectApplicationTest.contextLoads(J...
  Relevant Error 13: The last packet sent successfully to the server was 0 milliseconds ago. The driver has not received any packets from the server.
2025-09-13 18:56:08.345  WARN 2460 --- [           main] ConfigServletW...
  Relevant Error 14: 
org.springframework.beans.factory.UnsatisfiedDependencyException: Error creating bean with name 'securityConfiguration' defined in file [/home/runner/work/E-commerce-project-springBoot/E-commerce-pro...
  Relevant Error 15: 	at org.springframework.boot.SpringApplication.run(SpringApplication.java:1301) ~[spring-boot-2.6.4.jar:2.6.4]
	at com.jtspringproject.JtSpringProject.JtSpringProjectApplication.main(JtSpringProjectAp...
  Relevant Error 16: 	at com.jtspringproject.JtSpringProject.JtSpringProjectApplication.main(JtSpringProjectApplication.java:11) ~[classes/:na]
	at com.jtspringproject.JtSpringProject.JtSpringProjectApplicationTest.lambda...
  Relevant Error 17: 	at org.junit.jupiter.api.Assertions.assertDoesNotThrow(Assertions.java:3135) ~[junit-jupiter-api-5.8.2.jar:5.8.2]
	at com.jtspringproject.JtSpringProject.JtSpringProjectApplicationTest.contextLoads(J...
  Relevant Error 18: 	at org.apache.maven.surefire.booter.ForkedBooter.main(ForkedBooter.java:418) ~[surefire-booter-2.22.2.jar:2.22.2]
Caused by: org.springframework.beans.factory.UnsatisfiedDependencyException: Error cr...
  Relevant Error 19: 	... 89 common frames omitted
Caused by: org.springframework.beans.factory.UnsatisfiedDependencyException: Error creating bean with name 'userDao': Unsatisfied dependency expressed through field 'sess...
  Relevant Error 20: 	... 104 common frames omitted
Caused by: org.springframework.beans.factory.BeanCreationException: Error creating bean with name 'sessionFactory' defined in class path resource [com/jtspringproject/Jt...
  Relevant Error 21: 
Error:  Tests run: 1, Failures: 1, Errors: 0, Skipped: 0, Time elapsed: 6.141 s <<< FAILURE! - in com.jtspringproject.JtSpringProject.JtSpringProjectApplicationTest
Error:  contextLoads  Time elapsed...
Error: ant Error 22: [ERROR] contextLoads  Time elapsed: 6.132 s  <<< FAILURE!
org.opentest4j.AssertionFailedError: Unexpected exception thrown: org.springframework.beans.factory.UnsatisfiedDependencyException: Error crea...
  Relevant Error 23: 	at com.jtspringproject.JtSpringProject.JtSpringProjectApplicationTest.contextLoads(JtSpringProjectApplicationTest.java:29)
Caused by: org.springframework.beans.factory.UnsatisfiedDependencyException:...
  Relevant Error 24: 	at com.jtspringproject.JtSpringProject.JtSpringProjectApplicationTest.contextLoads(JtSpringProjectApplicationTest.java:29)
Caused by: org.springframework.beans.factory.UnsatisfiedDependencyException:...
  Relevant Error 25: 	at com.jtspringproject.JtSpringProject.JtSpringProjectApplicationTest.contextLoads(JtSpringProjectApplicationTest.java:29)
Caused by: org.springframework.beans.factory.UnsatisfiedDependencyException:...
  Relevant Error 26: 	at com.jtspringproject.JtSpringProject.JtSpringProjectApplicationTest.contextLoads(JtSpringProjectApplicationTest.java:29)
Caused by: org.springframework.beans.factory.BeanCreationException: Error cr...
Error: ant Error 27: [ERROR] Failures: 
Error:    JtSpringProjectApplicationTest.contextLoads:29 Unexpected exception thrown: org.springframework.beans.factory.UnsatisfiedDependencyException: Error creating bean with name...
  Relevant Error 28: [INFO] 
Error:  Tests run: 34, Failures: 1, Errors: 0, Skipped: 0
[INFO] 
[INFO] ------------------------------------------------------------------------...
  Relevant Error 29: [INFO] ------------------------------------------------------------------------
Error:  Failed to execute goal org.apache.maven.plugins:maven-surefire-plugin:2.22.2:test (default-test) on project JtSp...
Error: ant Error 30: [ERROR] 
Error:  Please refer to /home/runner/work/E-commerce-project-springBoot/E-commerce-project-springBoot/JtProject/target/surefire-reports for the individual test results.
Error:  Please refer t...
Error: ant Error 31: [ERROR] 
Error:  To see the full stack trace of the errors, re-run Maven with the -e switch.
Error:  Re-run Maven using the -X switch to enable full debug logging.
Error:  ...
Error: ant Error 32: [ERROR] To see the full stack trace of the errors, re-run Maven with the -e switch.
Error:  Re-run Maven using the -X switch to enable full debug logging.
Error:  
Error:  For more information about t...
Error: ant Error 33: [ERROR] For more information about the errors and possible solutions, please read the following articles:
Error:  [Help 1] http://cwiki.apache.org/confluence/display/MAVEN/MojoFailureException
...
ü§ñ AI will receive error feedback of length: 23252 characters
ü§ñ First 1000 chars of error feedback: [INFO] --- compiler:3.8.1:compile (default-compile) @ JtSpringProject ---
[INFO] Nothing to compile - all classes are up to date
[INFO] 
[INFO] --- resources:3.2.0:testResources (default-testResources) @ JtSpringProject ---
[INFO] Changes detected - recompiling the module!
[INFO] Compiling 5 source files to /home/runner/work/E-commerce-project-springBoot/E-commerce-project-springBoot/JtProject/target/test-classes
[INFO] 
[INFO] --- surefire:2.22.2:test (default-test) @ JtSpringProject ---
Downloaded from central: https://repo.maven.apache.org/maven2/org/codehaus/plexus/plexus-utils/1.0.4/plexus-utils-1.0.4.pom (6.9 kB at 1.7 MB/s)
Downloading from central: https://repo.maven.apache.org/maven2/classworlds/classworlds/1.1-alpha-2/classworlds-1.1-alpha-2.pom
Progress (1): 3.1 kB
                    
                    
Downloaded from central: https://repo.maven.apache.org/maven2/classworlds/classworlds/1.1-alpha-2/classworlds-1.1-alpha-2.pom (3.1 kB at 782 kB/s)
Downloading from central...
ü§ñ Last 500 chars of error feedback: ... enable full debug logging.
Error:  
Error:  To see the full stack trace of the errors, re-run Maven with the -e switch.
Error:  Re-run Maven using the -X switch to enable full debug logging.
Error:  
Error:  For more information about the errors and possible solutions, please read the following articles:
Error:  For more information about the errors and possible solutions, please read the following articles:
Error:  [Help 1] http://cwiki.apache.org/confluence/display/MAVEN/MojoFailureException
ü§ñ Calling generate_tests.py with enhanced prompt...
ü§ñ Enhanced prompt length: 27979 characters
ü§ñ Generate test success: True
‚úÖ Generated improved test for Category.java
üìù Processing categoryService.java -> categoryServiceTest.java
üîß Generating improved test for /home/runner/work/E-commerce-project-springBoot/E-commerce-project-springBoot/JtProject/src/main/java/com/jtspringproject/JtSpringProject/services/categoryService.java based on errors...
‚ö†Ô∏è No specific errors found for categoryService.java, using all errors as fallback
üîç Captured 33 total errors, 33 relevant to categoryService.java:
  Relevant Error 1: [INFO] --- compiler:3.8.1:compile (default-compile) @ JtSpringProject ---
[INFO] Nothing to compile - all classes are up to date
[INFO] 
[INFO] --- resources:3.2.0:testResources (default-testResources...
  Relevant Error 2: [INFO] Changes detected - recompiling the module!
[INFO] Compiling 5 source files to /home/runner/work/E-commerce-project-springBoot/E-commerce-project-springBoot/JtProject/target/test-classes
[INFO] ...
  Relevant Error 3: Downloaded from central: https://repo.maven.apache.org/maven2/org/codehaus/plexus/plexus-utils/1.0.4/plexus-utils-1.0.4.pom (6.9 kB at 1.7 MB/s)
Downloading from central: https://repo.maven.apache.org...
  Relevant Error 4:                     
Downloaded from central: https://repo.maven.apache.org/maven2/classworlds/classworlds/1.1-alpha-2/classworlds-1.1-alpha-2.pom (3.1 kB at 782 kB/s)
Downloading from central: https:...
  Relevant Error 5: Downloaded from central: https://repo.maven.apache.org/maven2/classworlds/classworlds/1.1-alpha-2/classworlds-1.1-alpha-2.pom (3.1 kB at 782 kB/s)
Downloading from central: https://repo.maven.apache.o...
  Relevant Error 6:                     
Downloaded from central: https://repo.maven.apache.org/maven2/classworlds/classworlds/1.1/classworlds-1.1.pom (3.3 kB at 665 kB/s)
Downloading from central: https://repo.maven.apa...
  Relevant Error 7: Downloaded from central: https://repo.maven.apache.org/maven2/org/apache/maven/maven-error-diagnostics/2.2.1/maven-error-diagnostics-2.2.1.jar (13 kB at 132 kB/s)
Downloading from central: https://rep...
  Relevant Error 8:                                                       
Downloaded from central: https://repo.maven.apache.org/maven2/classworlds/classworlds/1.1/classworlds-1.1.jar (38 kB at 364 kB/s)
Progress (3): 2...
  Relevant Error 9: 2025-09-13 18:56:04.371  INFO 2460 --- [           main] .s.d.r.c.RepositoryConfigurationDelegate : Bootstrapping Spring Data JPA repositories in DEFAULT mode.
2025-09-13 18:56:04.447  INFO 2460 --- [...
  Relevant Error 10: 	at org.springframework.boot.SpringApplication.run(SpringApplication.java:1301) ~[spring-boot-2.6.4.jar:2.6.4]
	at com.jtspringproject.JtSpringProject.JtSpringProjectApplication.main(JtSpringProjectAp...
  Relevant Error 11: 	at com.jtspringproject.JtSpringProject.JtSpringProjectApplication.main(JtSpringProjectApplication.java:11) ~[classes/:na]
	at com.jtspringproject.JtSpringProject.JtSpringProjectApplicationTest.lambda...
  Relevant Error 12: 	at org.junit.jupiter.api.Assertions.assertDoesNotThrow(Assertions.java:3135) ~[junit-jupiter-api-5.8.2.jar:5.8.2]
	at com.jtspringproject.JtSpringProject.JtSpringProjectApplicationTest.contextLoads(J...
  Relevant Error 13: The last packet sent successfully to the server was 0 milliseconds ago. The driver has not received any packets from the server.
2025-09-13 18:56:08.345  WARN 2460 --- [           main] ConfigServletW...
  Relevant Error 14: 
org.springframework.beans.factory.UnsatisfiedDependencyException: Error creating bean with name 'securityConfiguration' defined in file [/home/runner/work/E-commerce-project-springBoot/E-commerce-pro...
  Relevant Error 15: 	at org.springframework.boot.SpringApplication.run(SpringApplication.java:1301) ~[spring-boot-2.6.4.jar:2.6.4]
	at com.jtspringproject.JtSpringProject.JtSpringProjectApplication.main(JtSpringProjectAp...
  Relevant Error 16: 	at com.jtspringproject.JtSpringProject.JtSpringProjectApplication.main(JtSpringProjectApplication.java:11) ~[classes/:na]
	at com.jtspringproject.JtSpringProject.JtSpringProjectApplicationTest.lambda...
  Relevant Error 17: 	at org.junit.jupiter.api.Assertions.assertDoesNotThrow(Assertions.java:3135) ~[junit-jupiter-api-5.8.2.jar:5.8.2]
	at com.jtspringproject.JtSpringProject.JtSpringProjectApplicationTest.contextLoads(J...
  Relevant Error 18: 	at org.apache.maven.surefire.booter.ForkedBooter.main(ForkedBooter.java:418) ~[surefire-booter-2.22.2.jar:2.22.2]
Caused by: org.springframework.beans.factory.UnsatisfiedDependencyException: Error cr...
  Relevant Error 19: 	... 89 common frames omitted
Caused by: org.springframework.beans.factory.UnsatisfiedDependencyException: Error creating bean with name 'userDao': Unsatisfied dependency expressed through field 'sess...
  Relevant Error 20: 	... 104 common frames omitted
Caused by: org.springframework.beans.factory.BeanCreationException: Error creating bean with name 'sessionFactory' defined in class path resource [com/jtspringproject/Jt...
  Relevant Error 21: 
Error:  Tests run: 1, Failures: 1, Errors: 0, Skipped: 0, Time elapsed: 6.141 s <<< FAILURE! - in com.jtspringproject.JtSpringProject.JtSpringProjectApplicationTest
Error:  contextLoads  Time elapsed...
Error: ant Error 22: [ERROR] contextLoads  Time elapsed: 6.132 s  <<< FAILURE!
org.opentest4j.AssertionFailedError: Unexpected exception thrown: org.springframework.beans.factory.UnsatisfiedDependencyException: Error crea...
  Relevant Error 23: 	at com.jtspringproject.JtSpringProject.JtSpringProjectApplicationTest.contextLoads(JtSpringProjectApplicationTest.java:29)
Caused by: org.springframework.beans.factory.UnsatisfiedDependencyException:...
  Relevant Error 24: 	at com.jtspringproject.JtSpringProject.JtSpringProjectApplicationTest.contextLoads(JtSpringProjectApplicationTest.java:29)
Caused by: org.springframework.beans.factory.UnsatisfiedDependencyException:...
  Relevant Error 25: 	at com.jtspringproject.JtSpringProject.JtSpringProjectApplicationTest.contextLoads(JtSpringProjectApplicationTest.java:29)
Caused by: org.springframework.beans.factory.UnsatisfiedDependencyException:...
  Relevant Error 26: 	at com.jtspringproject.JtSpringProject.JtSpringProjectApplicationTest.contextLoads(JtSpringProjectApplicationTest.java:29)
Caused by: org.springframework.beans.factory.BeanCreationException: Error cr...
Error: ant Error 27: [ERROR] Failures: 
Error:    JtSpringProjectApplicationTest.contextLoads:29 Unexpected exception thrown: org.springframework.beans.factory.UnsatisfiedDependencyException: Error creating bean with name...
  Relevant Error 28: [INFO] 
Error:  Tests run: 34, Failures: 1, Errors: 0, Skipped: 0
[INFO] 
[INFO] ------------------------------------------------------------------------...
  Relevant Error 29: [INFO] ------------------------------------------------------------------------
Error:  Failed to execute goal org.apache.maven.plugins:maven-surefire-plugin:2.22.2:test (default-test) on project JtSp...
Error: ant Error 30: [ERROR] 
Error:  Please refer to /home/runner/work/E-commerce-project-springBoot/E-commerce-project-springBoot/JtProject/target/surefire-reports for the individual test results.
Error:  Please refer t...
Error: ant Error 31: [ERROR] 
Error:  To see the full stack trace of the errors, re-run Maven with the -e switch.
Error:  Re-run Maven using the -X switch to enable full debug logging.
Error:  ...
Error: ant Error 32: [ERROR] To see the full stack trace of the errors, re-run Maven with the -e switch.
Error:  Re-run Maven using the -X switch to enable full debug logging.
Error:  
Error:  For more information about t...
Error: ant Error 33: [ERROR] For more information about the errors and possible solutions, please read the following articles:
Error:  [Help 1] http://cwiki.apache.org/confluence/display/MAVEN/MojoFailureException
...
ü§ñ AI will receive error feedback of length: 23252 characters
ü§ñ First 1000 chars of error feedback: [INFO] --- compiler:3.8.1:compile (default-compile) @ JtSpringProject ---
[INFO] Nothing to compile - all classes are up to date
[INFO] 
[INFO] --- resources:3.2.0:testResources (default-testResources) @ JtSpringProject ---
[INFO] Changes detected - recompiling the module!
[INFO] Compiling 5 source files to /home/runner/work/E-commerce-project-springBoot/E-commerce-project-springBoot/JtProject/target/test-classes
[INFO] 
[INFO] --- surefire:2.22.2:test (default-test) @ JtSpringProject ---
Downloaded from central: https://repo.maven.apache.org/maven2/org/codehaus/plexus/plexus-utils/1.0.4/plexus-utils-1.0.4.pom (6.9 kB at 1.7 MB/s)
Downloading from central: https://repo.maven.apache.org/maven2/classworlds/classworlds/1.1-alpha-2/classworlds-1.1-alpha-2.pom
Progress (1): 3.1 kB
                    
                    
Downloaded from central: https://repo.maven.apache.org/maven2/classworlds/classworlds/1.1-alpha-2/classworlds-1.1-alpha-2.pom (3.1 kB at 782 kB/s)
Downloading from central...
ü§ñ Last 500 chars of error feedback: ... enable full debug logging.
Error:  
Error:  To see the full stack trace of the errors, re-run Maven with the -e switch.
Error:  Re-run Maven using the -X switch to enable full debug logging.
Error:  
Error:  For more information about the errors and possible solutions, please read the following articles:
Error:  For more information about the errors and possible solutions, please read the following articles:
Error:  [Help 1] http://cwiki.apache.org/confluence/display/MAVEN/MojoFailureException
ü§ñ Calling generate_tests.py with enhanced prompt...
ü§ñ Enhanced prompt length: 30591 characters
ü§ñ Generate test success: True
‚úÖ Generated improved test for categoryService.java
üìù Processing productService.java -> productServiceTest.java
üîß Generating improved test for /home/runner/work/E-commerce-project-springBoot/E-commerce-project-springBoot/JtProject/src/main/java/com/jtspringproject/JtSpringProject/services/productService.java based on errors...
‚ö†Ô∏è No specific errors found for productService.java, using all errors as fallback
üîç Captured 33 total errors, 33 relevant to productService.java:
  Relevant Error 1: [INFO] --- compiler:3.8.1:compile (default-compile) @ JtSpringProject ---
[INFO] Nothing to compile - all classes are up to date
[INFO] 
[INFO] --- resources:3.2.0:testResources (default-testResources...
  Relevant Error 2: [INFO] Changes detected - recompiling the module!
[INFO] Compiling 5 source files to /home/runner/work/E-commerce-project-springBoot/E-commerce-project-springBoot/JtProject/target/test-classes
[INFO] ...
  Relevant Error 3: Downloaded from central: https://repo.maven.apache.org/maven2/org/codehaus/plexus/plexus-utils/1.0.4/plexus-utils-1.0.4.pom (6.9 kB at 1.7 MB/s)
Downloading from central: https://repo.maven.apache.org...
  Relevant Error 4:                     
Downloaded from central: https://repo.maven.apache.org/maven2/classworlds/classworlds/1.1-alpha-2/classworlds-1.1-alpha-2.pom (3.1 kB at 782 kB/s)
Downloading from central: https:...
  Relevant Error 5: Downloaded from central: https://repo.maven.apache.org/maven2/classworlds/classworlds/1.1-alpha-2/classworlds-1.1-alpha-2.pom (3.1 kB at 782 kB/s)
Downloading from central: https://repo.maven.apache.o...
  Relevant Error 6:                     
Downloaded from central: https://repo.maven.apache.org/maven2/classworlds/classworlds/1.1/classworlds-1.1.pom (3.3 kB at 665 kB/s)
Downloading from central: https://repo.maven.apa...
  Relevant Error 7: Downloaded from central: https://repo.maven.apache.org/maven2/org/apache/maven/maven-error-diagnostics/2.2.1/maven-error-diagnostics-2.2.1.jar (13 kB at 132 kB/s)
Downloading from central: https://rep...
  Relevant Error 8:                                                       
Downloaded from central: https://repo.maven.apache.org/maven2/classworlds/classworlds/1.1/classworlds-1.1.jar (38 kB at 364 kB/s)
Progress (3): 2...
  Relevant Error 9: 2025-09-13 18:56:04.371  INFO 2460 --- [           main] .s.d.r.c.RepositoryConfigurationDelegate : Bootstrapping Spring Data JPA repositories in DEFAULT mode.
2025-09-13 18:56:04.447  INFO 2460 --- [...
  Relevant Error 10: 	at org.springframework.boot.SpringApplication.run(SpringApplication.java:1301) ~[spring-boot-2.6.4.jar:2.6.4]
	at com.jtspringproject.JtSpringProject.JtSpringProjectApplication.main(JtSpringProjectAp...
  Relevant Error 11: 	at com.jtspringproject.JtSpringProject.JtSpringProjectApplication.main(JtSpringProjectApplication.java:11) ~[classes/:na]
	at com.jtspringproject.JtSpringProject.JtSpringProjectApplicationTest.lambda...
  Relevant Error 12: 	at org.junit.jupiter.api.Assertions.assertDoesNotThrow(Assertions.java:3135) ~[junit-jupiter-api-5.8.2.jar:5.8.2]
	at com.jtspringproject.JtSpringProject.JtSpringProjectApplicationTest.contextLoads(J...
  Relevant Error 13: The last packet sent successfully to the server was 0 milliseconds ago. The driver has not received any packets from the server.
2025-09-13 18:56:08.345  WARN 2460 --- [           main] ConfigServletW...
  Relevant Error 14: 
org.springframework.beans.factory.UnsatisfiedDependencyException: Error creating bean with name 'securityConfiguration' defined in file [/home/runner/work/E-commerce-project-springBoot/E-commerce-pro...
  Relevant Error 15: 	at org.springframework.boot.SpringApplication.run(SpringApplication.java:1301) ~[spring-boot-2.6.4.jar:2.6.4]
	at com.jtspringproject.JtSpringProject.JtSpringProjectApplication.main(JtSpringProjectAp...
  Relevant Error 16: 	at com.jtspringproject.JtSpringProject.JtSpringProjectApplication.main(JtSpringProjectApplication.java:11) ~[classes/:na]
	at com.jtspringproject.JtSpringProject.JtSpringProjectApplicationTest.lambda...
  Relevant Error 17: 	at org.junit.jupiter.api.Assertions.assertDoesNotThrow(Assertions.java:3135) ~[junit-jupiter-api-5.8.2.jar:5.8.2]
	at com.jtspringproject.JtSpringProject.JtSpringProjectApplicationTest.contextLoads(J...
  Relevant Error 18: 	at org.apache.maven.surefire.booter.ForkedBooter.main(ForkedBooter.java:418) ~[surefire-booter-2.22.2.jar:2.22.2]
Caused by: org.springframework.beans.factory.UnsatisfiedDependencyException: Error cr...
  Relevant Error 19: 	... 89 common frames omitted
Caused by: org.springframework.beans.factory.UnsatisfiedDependencyException: Error creating bean with name 'userDao': Unsatisfied dependency expressed through field 'sess...
  Relevant Error 20: 	... 104 common frames omitted
Caused by: org.springframework.beans.factory.BeanCreationException: Error creating bean with name 'sessionFactory' defined in class path resource [com/jtspringproject/Jt...
  Relevant Error 21: 
Error:  Tests run: 1, Failures: 1, Errors: 0, Skipped: 0, Time elapsed: 6.141 s <<< FAILURE! - in com.jtspringproject.JtSpringProject.JtSpringProjectApplicationTest
Error:  contextLoads  Time elapsed...
Error: ant Error 22: [ERROR] contextLoads  Time elapsed: 6.132 s  <<< FAILURE!
org.opentest4j.AssertionFailedError: Unexpected exception thrown: org.springframework.beans.factory.UnsatisfiedDependencyException: Error crea...
  Relevant Error 23: 	at com.jtspringproject.JtSpringProject.JtSpringProjectApplicationTest.contextLoads(JtSpringProjectApplicationTest.java:29)
Caused by: org.springframework.beans.factory.UnsatisfiedDependencyException:...
  Relevant Error 24: 	at com.jtspringproject.JtSpringProject.JtSpringProjectApplicationTest.contextLoads(JtSpringProjectApplicationTest.java:29)
Caused by: org.springframework.beans.factory.UnsatisfiedDependencyException:...
  Relevant Error 25: 	at com.jtspringproject.JtSpringProject.JtSpringProjectApplicationTest.contextLoads(JtSpringProjectApplicationTest.java:29)
Caused by: org.springframework.beans.factory.UnsatisfiedDependencyException:...
  Relevant Error 26: 	at com.jtspringproject.JtSpringProject.JtSpringProjectApplicationTest.contextLoads(JtSpringProjectApplicationTest.java:29)
Caused by: org.springframework.beans.factory.BeanCreationException: Error cr...
Error: ant Error 27: [ERROR] Failures: 
Error:    JtSpringProjectApplicationTest.contextLoads:29 Unexpected exception thrown: org.springframework.beans.factory.UnsatisfiedDependencyException: Error creating bean with name...
  Relevant Error 28: [INFO] 
Error:  Tests run: 34, Failures: 1, Errors: 0, Skipped: 0
[INFO] 
[INFO] ------------------------------------------------------------------------...
  Relevant Error 29: [INFO] ------------------------------------------------------------------------
Error:  Failed to execute goal org.apache.maven.plugins:maven-surefire-plugin:2.22.2:test (default-test) on project JtSp...
Error: ant Error 30: [ERROR] 
Error:  Please refer to /home/runner/work/E-commerce-project-springBoot/E-commerce-project-springBoot/JtProject/target/surefire-reports for the individual test results.
Error:  Please refer t...
Error: ant Error 31: [ERROR] 
Error:  To see the full stack trace of the errors, re-run Maven with the -e switch.
Error:  Re-run Maven using the -X switch to enable full debug logging.
Error:  ...
Error: ant Error 32: [ERROR] To see the full stack trace of the errors, re-run Maven with the -e switch.
Error:  Re-run Maven using the -X switch to enable full debug logging.
Error:  
Error:  For more information about t...
Error: ant Error 33: [ERROR] For more information about the errors and possible solutions, please read the following articles:
Error:  [Help 1] http://cwiki.apache.org/confluence/display/MAVEN/MojoFailureException
...
ü§ñ AI will receive error feedback of length: 23252 characters
ü§ñ First 1000 chars of error feedback: [INFO] --- compiler:3.8.1:compile (default-compile) @ JtSpringProject ---
[INFO] Nothing to compile - all classes are up to date
[INFO] 
[INFO] --- resources:3.2.0:testResources (default-testResources) @ JtSpringProject ---
[INFO] Changes detected - recompiling the module!
[INFO] Compiling 5 source files to /home/runner/work/E-commerce-project-springBoot/E-commerce-project-springBoot/JtProject/target/test-classes
[INFO] 
[INFO] --- surefire:2.22.2:test (default-test) @ JtSpringProject ---
Downloaded from central: https://repo.maven.apache.org/maven2/org/codehaus/plexus/plexus-utils/1.0.4/plexus-utils-1.0.4.pom (6.9 kB at 1.7 MB/s)
Downloading from central: https://repo.maven.apache.org/maven2/classworlds/classworlds/1.1-alpha-2/classworlds-1.1-alpha-2.pom
Progress (1): 3.1 kB
                    
                    
Downloaded from central: https://repo.maven.apache.org/maven2/classworlds/classworlds/1.1-alpha-2/classworlds-1.1-alpha-2.pom (3.1 kB at 782 kB/s)
Downloading from central...
ü§ñ Last 500 chars of error feedback: ... enable full debug logging.
Error:  
Error:  To see the full stack trace of the errors, re-run Maven with the -e switch.
Error:  Re-run Maven using the -X switch to enable full debug logging.
Error:  
Error:  For more information about the errors and possible solutions, please read the following articles:
Error:  For more information about the errors and possible solutions, please read the following articles:
Error:  [Help 1] http://cwiki.apache.org/confluence/display/MAVEN/MojoFailureException
ü§ñ Calling generate_tests.py with enhanced prompt...
ü§ñ Enhanced prompt length: 31179 characters
ü§ñ Generate test success: True
‚úÖ Generated improved test for productService.java
üìù Processing userService.java -> userServiceTest.java
üîß Generating improved test for /home/runner/work/E-commerce-project-springBoot/E-commerce-project-springBoot/JtProject/src/main/java/com/jtspringproject/JtSpringProject/services/userService.java based on errors...
üîç Captured 33 total errors, 10 relevant to userService.java:
  Relevant Error 1: The last packet sent successfully to the server was 0 milliseconds ago. The driver has not received any packets from the server.
2025-09-13 18:56:08.345  WARN 2460 --- [           main] ConfigServletW...
  Relevant Error 2: 
org.springframework.beans.factory.UnsatisfiedDependencyException: Error creating bean with name 'securityConfiguration' defined in file [/home/runner/work/E-commerce-project-springBoot/E-commerce-pro...
  Relevant Error 3: 	at org.apache.maven.surefire.booter.ForkedBooter.main(ForkedBooter.java:418) ~[surefire-booter-2.22.2.jar:2.22.2]
Caused by: org.springframework.beans.factory.UnsatisfiedDependencyException: Error cr...
  Relevant Error 4: 	... 89 common frames omitted
Caused by: org.springframework.beans.factory.UnsatisfiedDependencyException: Error creating bean with name 'userDao': Unsatisfied dependency expressed through field 'sess...
  Relevant Error 5: 
Error:  Tests run: 1, Failures: 1, Errors: 0, Skipped: 0, Time elapsed: 6.141 s <<< FAILURE! - in com.jtspringproject.JtSpringProject.JtSpringProjectApplicationTest
Error:  contextLoads  Time elapsed...
Error: ant Error 6: [ERROR] contextLoads  Time elapsed: 6.132 s  <<< FAILURE!
org.opentest4j.AssertionFailedError: Unexpected exception thrown: org.springframework.beans.factory.UnsatisfiedDependencyException: Error crea...
  Relevant Error 7: 	at com.jtspringproject.JtSpringProject.JtSpringProjectApplicationTest.contextLoads(JtSpringProjectApplicationTest.java:29)
Caused by: org.springframework.beans.factory.UnsatisfiedDependencyException:...
  Relevant Error 8: 	at com.jtspringproject.JtSpringProject.JtSpringProjectApplicationTest.contextLoads(JtSpringProjectApplicationTest.java:29)
Caused by: org.springframework.beans.factory.UnsatisfiedDependencyException:...
  Relevant Error 9: 	at com.jtspringproject.JtSpringProject.JtSpringProjectApplicationTest.contextLoads(JtSpringProjectApplicationTest.java:29)
Caused by: org.springframework.beans.factory.UnsatisfiedDependencyException:...
Error: ant Error 10: [ERROR] Failures: 
Error:    JtSpringProjectApplicationTest.contextLoads:29 Unexpected exception thrown: org.springframework.beans.factory.UnsatisfiedDependencyException: Error creating bean with name...
ü§ñ AI will receive error feedback of length: 14267 characters
ü§ñ First 1000 chars of error feedback: The last packet sent successfully to the server was 0 milliseconds ago. The driver has not received any packets from the server.
2025-09-13 18:56:08.345  WARN 2460 --- [           main] ConfigServletWebServerApplicationContext : Exception encountered during context initialization - cancelling refresh attempt: org.springframework.beans.factory.UnsatisfiedDependencyException: Error creating bean with name 'securityConfiguration' defined in file [/home/runner/work/E-commerce-project-springBoot/E-commerce-project-springBoot/JtProject/target/classes/com/jtspringproject/JtSpringProject/configuration/SecurityConfiguration.class]: Unsatisfied dependency expressed through constructor parameter 0; nested exception is org.springframework.beans.factory.UnsatisfiedDependencyException: Error creating bean with name 'userService': Unsatisfied dependency expressed through field 'userDao'; nested exception is org.springframework.beans.factory.UnsatisfiedDependencyException: Error creating bean with nam...
ü§ñ Last 500 chars of error feedback: ...isfied dependency expressed through field 'sessionFactory'; nested exception is org.springframework.beans.factory.BeanCreationException: Error creating bean with name 'sessionFactory' defined in class path resource [com/jtspringproject/JtSpringProject/HibernateConfiguration.class]: Invocation of init method failed; nested exception is org.hibernate.exception.JDBCConnectionException: Unable to open JDBC Connection for DDL execution
[INFO] 
Error:  Tests run: 34, Failures: 1, Errors: 0, Skipped: 0
ü§ñ Calling generate_tests.py with enhanced prompt...
ü§ñ Enhanced prompt length: 23099 characters
ü§ñ Generate test success: True
‚úÖ Generated improved test for userService.java
üîÑ Iteration 3/5
üß™ Running Maven tests...
‚ùå Tests failing with 27 error(s)
üîç Error details:
  Error 1: [INFO] --- compiler:3.8.1:compile (default-compile) @ JtSpringProject ---
[INFO] Nothing to compile - all classes are up to date
[INFO] 
[INFO] --- resources:3.2.0:testResources (default-testResources...
  Error 2: [INFO] Changes detected - recompiling the module!
[INFO] Compiling 5 source files to /home/runner/work/E-commerce-project-springBoot/E-commerce-project-springBoot/JtProject/target/test-classes
[INFO] ...
  Error 3: 2025-09-13 18:56:45.631  INFO 2623 --- [           main] .s.d.r.c.RepositoryConfigurationDelegate : Bootstrapping Spring Data JPA repositories in DEFAULT mode.
2025-09-13 18:56:45.685  INFO 2623 --- [...
üìù Processing JtSpringProjectApplication.java -> JtSpringProjectApplicationTest.java
üîß Generating improved test for /home/runner/work/E-commerce-project-springBoot/E-commerce-project-springBoot/JtProject/src/main/java/com/jtspringproject/JtSpringProject/JtSpringProjectApplication.java based on errors...
üîç Captured 27 total errors, 13 relevant to JtSpringProjectApplication.java:
  Relevant Error 1: 	at org.springframework.boot.SpringApplication.run(SpringApplication.java:1301) ~[spring-boot-2.6.4.jar:2.6.4]
	at com.jtspringproject.JtSpringProject.JtSpringProjectApplication.main(JtSpringProjectAp...
  Relevant Error 2: 	at com.jtspringproject.JtSpringProject.JtSpringProjectApplication.main(JtSpringProjectApplication.java:11) ~[classes/:na]
	at com.jtspringproject.JtSpringProject.JtSpringProjectApplicationTest.lambda...
  Relevant Error 3: 	at org.junit.jupiter.api.Assertions.assertDoesNotThrow(Assertions.java:3135) ~[junit-jupiter-api-5.8.2.jar:5.8.2]
	at com.jtspringproject.JtSpringProject.JtSpringProjectApplicationTest.contextLoads(J...
  Relevant Error 4: 	at org.springframework.boot.SpringApplication.run(SpringApplication.java:1301) ~[spring-boot-2.6.4.jar:2.6.4]
	at com.jtspringproject.JtSpringProject.JtSpringProjectApplication.main(JtSpringProjectAp...
  Relevant Error 5: 	at com.jtspringproject.JtSpringProject.JtSpringProjectApplication.main(JtSpringProjectApplication.java:11) ~[classes/:na]
	at com.jtspringproject.JtSpringProject.JtSpringProjectApplicationTest.lambda...
  Relevant Error 6: 	at org.junit.jupiter.api.Assertions.assertDoesNotThrow(Assertions.java:3135) ~[junit-jupiter-api-5.8.2.jar:5.8.2]
	at com.jtspringproject.JtSpringProject.JtSpringProjectApplicationTest.contextLoads(J...
  Relevant Error 7: 
Error:  Tests run: 1, Failures: 1, Errors: 0, Skipped: 0, Time elapsed: 4.815 s <<< FAILURE! - in com.jtspringproject.JtSpringProject.JtSpringProjectApplicationTest
Error:  contextLoads  Time elapsed...
Error: ant Error 8: [ERROR] contextLoads  Time elapsed: 4.805 s  <<< FAILURE!
org.opentest4j.AssertionFailedError: Unexpected exception thrown: org.springframework.beans.factory.UnsatisfiedDependencyException: Error crea...
  Relevant Error 9: 	at com.jtspringproject.JtSpringProject.JtSpringProjectApplicationTest.contextLoads(JtSpringProjectApplicationTest.java:29)
Caused by: org.springframework.beans.factory.UnsatisfiedDependencyException:...
  Relevant Error 10: 	at com.jtspringproject.JtSpringProject.JtSpringProjectApplicationTest.contextLoads(JtSpringProjectApplicationTest.java:29)
Caused by: org.springframework.beans.factory.UnsatisfiedDependencyException:...
  Relevant Error 11: 	at com.jtspringproject.JtSpringProject.JtSpringProjectApplicationTest.contextLoads(JtSpringProjectApplicationTest.java:29)
Caused by: org.springframework.beans.factory.UnsatisfiedDependencyException:...
  Relevant Error 12: 	at com.jtspringproject.JtSpringProject.JtSpringProjectApplicationTest.contextLoads(JtSpringProjectApplicationTest.java:29)
Caused by: org.springframework.beans.factory.BeanCreationException: Error cr...
Error: ant Error 13: [ERROR] Failures: 
Error:    JtSpringProjectApplicationTest.contextLoads:29 Unexpected exception thrown: org.springframework.beans.factory.UnsatisfiedDependencyException: Error creating bean with name...
ü§ñ AI will receive error feedback of length: 12657 characters
ü§ñ First 1000 chars of error feedback: 	at org.springframework.boot.SpringApplication.run(SpringApplication.java:1301) ~[spring-boot-2.6.4.jar:2.6.4]
	at com.jtspringproject.JtSpringProject.JtSpringProjectApplication.main(JtSpringProjectApplication.java:11) ~[classes/:na]
	at com.jtspringproject.JtSpringProject.JtSpringProjectApplicationTest.lambda$contextLoads$0(JtSpringProjectApplicationTest.java:29) ~[test-classes/:na]
	at org.junit.jupiter.api.AssertDoesNotThrow.assertDoesNotThrow(AssertDoesNotThrow.java:50) ~[junit-jupiter-api-5.8.2.jar:5.8.2]
	at com.jtspringproject.JtSpringProject.JtSpringProjectApplication.main(JtSpringProjectApplication.java:11) ~[classes/:na]
	at com.jtspringproject.JtSpringProject.JtSpringProjectApplicationTest.lambda$contextLoads$0(JtSpringProjectApplicationTest.java:29) ~[test-classes/:na]
	at org.junit.jupiter.api.AssertDoesNotThrow.assertDoesNotThrow(AssertDoesNotThrow.java:50) ~[junit-jupiter-api-5.8.2.jar:5.8.2]
	at org.junit.jupiter.api.AssertDoesNotThrow.assertDoesNotThrow(AssertDoesNotTh...
ü§ñ Last 500 chars of error feedback: ...isfied dependency expressed through field 'sessionFactory'; nested exception is org.springframework.beans.factory.BeanCreationException: Error creating bean with name 'sessionFactory' defined in class path resource [com/jtspringproject/JtSpringProject/HibernateConfiguration.class]: Invocation of init method failed; nested exception is org.hibernate.exception.JDBCConnectionException: Unable to open JDBC Connection for DDL execution
[INFO] 
Error:  Tests run: 34, Failures: 1, Errors: 0, Skipped: 0
ü§ñ Calling generate_tests.py with enhanced prompt...
ü§ñ Enhanced prompt length: 16996 characters
ü§ñ Generate test success: True
‚úÖ Generated improved test for JtSpringProjectApplication.java
üìù Processing Category.java -> CategoryTest.java
üîß Generating improved test for /home/runner/work/E-commerce-project-springBoot/E-commerce-project-springBoot/JtProject/src/main/java/com/jtspringproject/JtSpringProject/models/Category.java based on errors...
‚ö†Ô∏è No specific errors found for Category.java, using all errors as fallback
üîç Captured 27 total errors, 27 relevant to Category.java:
  Relevant Error 1: [INFO] --- compiler:3.8.1:compile (default-compile) @ JtSpringProject ---
[INFO] Nothing to compile - all classes are up to date
[INFO] 
[INFO] --- resources:3.2.0:testResources (default-testResources...
  Relevant Error 2: [INFO] Changes detected - recompiling the module!
[INFO] Compiling 5 source files to /home/runner/work/E-commerce-project-springBoot/E-commerce-project-springBoot/JtProject/target/test-classes
[INFO] ...
  Relevant Error 3: 2025-09-13 18:56:45.631  INFO 2623 --- [           main] .s.d.r.c.RepositoryConfigurationDelegate : Bootstrapping Spring Data JPA repositories in DEFAULT mode.
2025-09-13 18:56:45.685  INFO 2623 --- [...
  Relevant Error 4: 	at org.springframework.boot.SpringApplication.run(SpringApplication.java:1301) ~[spring-boot-2.6.4.jar:2.6.4]
	at com.jtspringproject.JtSpringProject.JtSpringProjectApplication.main(JtSpringProjectAp...
  Relevant Error 5: 	at com.jtspringproject.JtSpringProject.JtSpringProjectApplication.main(JtSpringProjectApplication.java:11) ~[classes/:na]
	at com.jtspringproject.JtSpringProject.JtSpringProjectApplicationTest.lambda...
  Relevant Error 6: 	at org.junit.jupiter.api.Assertions.assertDoesNotThrow(Assertions.java:3135) ~[junit-jupiter-api-5.8.2.jar:5.8.2]
	at com.jtspringproject.JtSpringProject.JtSpringProjectApplicationTest.contextLoads(J...
  Relevant Error 7: The last packet sent successfully to the server was 0 milliseconds ago. The driver has not received any packets from the server.
2025-09-13 18:56:48.470  WARN 2623 --- [           main] ConfigServletW...
  Relevant Error 8: 
org.springframework.beans.factory.UnsatisfiedDependencyException: Error creating bean with name 'securityConfiguration' defined in file [/home/runner/work/E-commerce-project-springBoot/E-commerce-pro...
  Relevant Error 9: 	at org.springframework.boot.SpringApplication.run(SpringApplication.java:1301) ~[spring-boot-2.6.4.jar:2.6.4]
	at com.jtspringproject.JtSpringProject.JtSpringProjectApplication.main(JtSpringProjectAp...
  Relevant Error 10: 	at com.jtspringproject.JtSpringProject.JtSpringProjectApplication.main(JtSpringProjectApplication.java:11) ~[classes/:na]
	at com.jtspringproject.JtSpringProject.JtSpringProjectApplicationTest.lambda...
  Relevant Error 11: 	at org.junit.jupiter.api.Assertions.assertDoesNotThrow(Assertions.java:3135) ~[junit-jupiter-api-5.8.2.jar:5.8.2]
	at com.jtspringproject.JtSpringProject.JtSpringProjectApplicationTest.contextLoads(J...
  Relevant Error 12: 	at org.apache.maven.surefire.booter.ForkedBooter.main(ForkedBooter.java:418) ~[surefire-booter-2.22.2.jar:2.22.2]
Caused by: org.springframework.beans.factory.UnsatisfiedDependencyException: Error cr...
  Relevant Error 13: 	... 89 common frames omitted
Caused by: org.springframework.beans.factory.UnsatisfiedDependencyException: Error creating bean with name 'userDao': Unsatisfied dependency expressed through field 'sess...
  Relevant Error 14: 	... 104 common frames omitted
Caused by: org.springframework.beans.factory.BeanCreationException: Error creating bean with name 'sessionFactory' defined in class path resource [com/jtspringproject/Jt...
  Relevant Error 15: 
Error:  Tests run: 1, Failures: 1, Errors: 0, Skipped: 0, Time elapsed: 4.815 s <<< FAILURE! - in com.jtspringproject.JtSpringProject.JtSpringProjectApplicationTest
Error:  contextLoads  Time elapsed...
Error: ant Error 16: [ERROR] contextLoads  Time elapsed: 4.805 s  <<< FAILURE!
org.opentest4j.AssertionFailedError: Unexpected exception thrown: org.springframework.beans.factory.UnsatisfiedDependencyException: Error crea...
  Relevant Error 17: 	at com.jtspringproject.JtSpringProject.JtSpringProjectApplicationTest.contextLoads(JtSpringProjectApplicationTest.java:29)
Caused by: org.springframework.beans.factory.UnsatisfiedDependencyException:...
  Relevant Error 18: 	at com.jtspringproject.JtSpringProject.JtSpringProjectApplicationTest.contextLoads(JtSpringProjectApplicationTest.java:29)
Caused by: org.springframework.beans.factory.UnsatisfiedDependencyException:...
  Relevant Error 19: 	at com.jtspringproject.JtSpringProject.JtSpringProjectApplicationTest.contextLoads(JtSpringProjectApplicationTest.java:29)
Caused by: org.springframework.beans.factory.UnsatisfiedDependencyException:...
  Relevant Error 20: 	at com.jtspringproject.JtSpringProject.JtSpringProjectApplicationTest.contextLoads(JtSpringProjectApplicationTest.java:29)
Caused by: org.springframework.beans.factory.BeanCreationException: Error cr...
Error: ant Error 21: [ERROR] Failures: 
Error:    JtSpringProjectApplicationTest.contextLoads:29 Unexpected exception thrown: org.springframework.beans.factory.UnsatisfiedDependencyException: Error creating bean with name...
  Relevant Error 22: [INFO] 
Error:  Tests run: 34, Failures: 1, Errors: 0, Skipped: 0
[INFO] 
[INFO] ------------------------------------------------------------------------...
  Relevant Error 23: [INFO] ------------------------------------------------------------------------
Error:  Failed to execute goal org.apache.maven.plugins:maven-surefire-plugin:2.22.2:test (default-test) on project JtSp...
Error: ant Error 24: [ERROR] 
Error:  Please refer to /home/runner/work/E-commerce-project-springBoot/E-commerce-project-springBoot/JtProject/target/surefire-reports for the individual test results.
Error:  Please refer t...
Error: ant Error 25: [ERROR] 
Error:  To see the full stack trace of the errors, re-run Maven with the -e switch.
Error:  Re-run Maven using the -X switch to enable full debug logging.
Error:  ...
Error: ant Error 26: [ERROR] To see the full stack trace of the errors, re-run Maven with the -e switch.
Error:  Re-run Maven using the -X switch to enable full debug logging.
Error:  
Error:  For more information about t...
Error: ant Error 27: [ERROR] For more information about the errors and possible solutions, please read the following articles:
Error:  [Help 1] http://cwiki.apache.org/confluence/display/MAVEN/MojoFailureException
...
ü§ñ AI will receive error feedback of length: 21406 characters
ü§ñ First 1000 chars of error feedback: [INFO] --- compiler:3.8.1:compile (default-compile) @ JtSpringProject ---
[INFO] Nothing to compile - all classes are up to date
[INFO] 
[INFO] --- resources:3.2.0:testResources (default-testResources) @ JtSpringProject ---
[INFO] Changes detected - recompiling the module!
[INFO] Compiling 5 source files to /home/runner/work/E-commerce-project-springBoot/E-commerce-project-springBoot/JtProject/target/test-classes
[INFO] 
[INFO] --- surefire:2.22.2:test (default-test) @ JtSpringProject ---
2025-09-13 18:56:45.631  INFO 2623 --- [           main] .s.d.r.c.RepositoryConfigurationDelegate : Bootstrapping Spring Data JPA repositories in DEFAULT mode.
2025-09-13 18:56:45.685  INFO 2623 --- [           main] .s.d.r.c.RepositoryConfigurationDelegate : Finished Spring Data repository scanning in 43 ms. Found 1 JPA repository interfaces.
2025-09-13 18:56:46.395  INFO 2623 --- [           main] o.s.b.w.embedded.tomcat.TomcatWebServer  : Tomcat initialized with port(s): 8080 (http)
2025-09-13 18:5...
ü§ñ Last 500 chars of error feedback: ... enable full debug logging.
Error:  
Error:  To see the full stack trace of the errors, re-run Maven with the -e switch.
Error:  Re-run Maven using the -X switch to enable full debug logging.
Error:  
Error:  For more information about the errors and possible solutions, please read the following articles:
Error:  For more information about the errors and possible solutions, please read the following articles:
Error:  [Help 1] http://cwiki.apache.org/confluence/display/MAVEN/MojoFailureException
ü§ñ Calling generate_tests.py with enhanced prompt...
ü§ñ Enhanced prompt length: 26184 characters
ü§ñ Generate test success: True
‚úÖ Generated improved test for Category.java
üìù Processing categoryService.java -> categoryServiceTest.java
üîß Generating improved test for /home/runner/work/E-commerce-project-springBoot/E-commerce-project-springBoot/JtProject/src/main/java/com/jtspringproject/JtSpringProject/services/categoryService.java based on errors...
‚ö†Ô∏è No specific errors found for categoryService.java, using all errors as fallback
üîç Captured 27 total errors, 27 relevant to categoryService.java:
  Relevant Error 1: [INFO] --- compiler:3.8.1:compile (default-compile) @ JtSpringProject ---
[INFO] Nothing to compile - all classes are up to date
[INFO] 
[INFO] --- resources:3.2.0:testResources (default-testResources...
  Relevant Error 2: [INFO] Changes detected - recompiling the module!
[INFO] Compiling 5 source files to /home/runner/work/E-commerce-project-springBoot/E-commerce-project-springBoot/JtProject/target/test-classes
[INFO] ...
  Relevant Error 3: 2025-09-13 18:56:45.631  INFO 2623 --- [           main] .s.d.r.c.RepositoryConfigurationDelegate : Bootstrapping Spring Data JPA repositories in DEFAULT mode.
2025-09-13 18:56:45.685  INFO 2623 --- [...
  Relevant Error 4: 	at org.springframework.boot.SpringApplication.run(SpringApplication.java:1301) ~[spring-boot-2.6.4.jar:2.6.4]
	at com.jtspringproject.JtSpringProject.JtSpringProjectApplication.main(JtSpringProjectAp...
  Relevant Error 5: 	at com.jtspringproject.JtSpringProject.JtSpringProjectApplication.main(JtSpringProjectApplication.java:11) ~[classes/:na]
	at com.jtspringproject.JtSpringProject.JtSpringProjectApplicationTest.lambda...
  Relevant Error 6: 	at org.junit.jupiter.api.Assertions.assertDoesNotThrow(Assertions.java:3135) ~[junit-jupiter-api-5.8.2.jar:5.8.2]
	at com.jtspringproject.JtSpringProject.JtSpringProjectApplicationTest.contextLoads(J...
  Relevant Error 7: The last packet sent successfully to the server was 0 milliseconds ago. The driver has not received any packets from the server.
2025-09-13 18:56:48.470  WARN 2623 --- [           main] ConfigServletW...
  Relevant Error 8: 
org.springframework.beans.factory.UnsatisfiedDependencyException: Error creating bean with name 'securityConfiguration' defined in file [/home/runner/work/E-commerce-project-springBoot/E-commerce-pro...
  Relevant Error 9: 	at org.springframework.boot.SpringApplication.run(SpringApplication.java:1301) ~[spring-boot-2.6.4.jar:2.6.4]
	at com.jtspringproject.JtSpringProject.JtSpringProjectApplication.main(JtSpringProjectAp...
  Relevant Error 10: 	at com.jtspringproject.JtSpringProject.JtSpringProjectApplication.main(JtSpringProjectApplication.java:11) ~[classes/:na]
	at com.jtspringproject.JtSpringProject.JtSpringProjectApplicationTest.lambda...
  Relevant Error 11: 	at org.junit.jupiter.api.Assertions.assertDoesNotThrow(Assertions.java:3135) ~[junit-jupiter-api-5.8.2.jar:5.8.2]
	at com.jtspringproject.JtSpringProject.JtSpringProjectApplicationTest.contextLoads(J...
  Relevant Error 12: 	at org.apache.maven.surefire.booter.ForkedBooter.main(ForkedBooter.java:418) ~[surefire-booter-2.22.2.jar:2.22.2]
Caused by: org.springframework.beans.factory.UnsatisfiedDependencyException: Error cr...
  Relevant Error 13: 	... 89 common frames omitted
Caused by: org.springframework.beans.factory.UnsatisfiedDependencyException: Error creating bean with name 'userDao': Unsatisfied dependency expressed through field 'sess...
  Relevant Error 14: 	... 104 common frames omitted
Caused by: org.springframework.beans.factory.BeanCreationException: Error creating bean with name 'sessionFactory' defined in class path resource [com/jtspringproject/Jt...
  Relevant Error 15: 
Error:  Tests run: 1, Failures: 1, Errors: 0, Skipped: 0, Time elapsed: 4.815 s <<< FAILURE! - in com.jtspringproject.JtSpringProject.JtSpringProjectApplicationTest
Error:  contextLoads  Time elapsed...
Error: ant Error 16: [ERROR] contextLoads  Time elapsed: 4.805 s  <<< FAILURE!
org.opentest4j.AssertionFailedError: Unexpected exception thrown: org.springframework.beans.factory.UnsatisfiedDependencyException: Error crea...
  Relevant Error 17: 	at com.jtspringproject.JtSpringProject.JtSpringProjectApplicationTest.contextLoads(JtSpringProjectApplicationTest.java:29)
Caused by: org.springframework.beans.factory.UnsatisfiedDependencyException:...
  Relevant Error 18: 	at com.jtspringproject.JtSpringProject.JtSpringProjectApplicationTest.contextLoads(JtSpringProjectApplicationTest.java:29)
Caused by: org.springframework.beans.factory.UnsatisfiedDependencyException:...
  Relevant Error 19: 	at com.jtspringproject.JtSpringProject.JtSpringProjectApplicationTest.contextLoads(JtSpringProjectApplicationTest.java:29)
Caused by: org.springframework.beans.factory.UnsatisfiedDependencyException:...
  Relevant Error 20: 	at com.jtspringproject.JtSpringProject.JtSpringProjectApplicationTest.contextLoads(JtSpringProjectApplicationTest.java:29)
Caused by: org.springframework.beans.factory.BeanCreationException: Error cr...
Error: ant Error 21: [ERROR] Failures: 
Error:    JtSpringProjectApplicationTest.contextLoads:29 Unexpected exception thrown: org.springframework.beans.factory.UnsatisfiedDependencyException: Error creating bean with name...
  Relevant Error 22: [INFO] 
Error:  Tests run: 34, Failures: 1, Errors: 0, Skipped: 0
[INFO] 
[INFO] ------------------------------------------------------------------------...
  Relevant Error 23: [INFO] ------------------------------------------------------------------------
Error:  Failed to execute goal org.apache.maven.plugins:maven-surefire-plugin:2.22.2:test (default-test) on project JtSp...
Error: ant Error 24: [ERROR] 
Error:  Please refer to /home/runner/work/E-commerce-project-springBoot/E-commerce-project-springBoot/JtProject/target/surefire-reports for the individual test results.
Error:  Please refer t...
Error: ant Error 25: [ERROR] 
Error:  To see the full stack trace of the errors, re-run Maven with the -e switch.
Error:  Re-run Maven using the -X switch to enable full debug logging.
Error:  ...
Error: ant Error 26: [ERROR] To see the full stack trace of the errors, re-run Maven with the -e switch.
Error:  Re-run Maven using the -X switch to enable full debug logging.
Error:  
Error:  For more information about t...
Error: ant Error 27: [ERROR] For more information about the errors and possible solutions, please read the following articles:
Error:  [Help 1] http://cwiki.apache.org/confluence/display/MAVEN/MojoFailureException
...
ü§ñ AI will receive error feedback of length: 21406 characters
ü§ñ First 1000 chars of error feedback: [INFO] --- compiler:3.8.1:compile (default-compile) @ JtSpringProject ---
[INFO] Nothing to compile - all classes are up to date
[INFO] 
[INFO] --- resources:3.2.0:testResources (default-testResources) @ JtSpringProject ---
[INFO] Changes detected - recompiling the module!
[INFO] Compiling 5 source files to /home/runner/work/E-commerce-project-springBoot/E-commerce-project-springBoot/JtProject/target/test-classes
[INFO] 
[INFO] --- surefire:2.22.2:test (default-test) @ JtSpringProject ---
2025-09-13 18:56:45.631  INFO 2623 --- [           main] .s.d.r.c.RepositoryConfigurationDelegate : Bootstrapping Spring Data JPA repositories in DEFAULT mode.
2025-09-13 18:56:45.685  INFO 2623 --- [           main] .s.d.r.c.RepositoryConfigurationDelegate : Finished Spring Data repository scanning in 43 ms. Found 1 JPA repository interfaces.
2025-09-13 18:56:46.395  INFO 2623 --- [           main] o.s.b.w.embedded.tomcat.TomcatWebServer  : Tomcat initialized with port(s): 8080 (http)
2025-09-13 18:5...
ü§ñ Last 500 chars of error feedback: ... enable full debug logging.
Error:  
Error:  To see the full stack trace of the errors, re-run Maven with the -e switch.
Error:  Re-run Maven using the -X switch to enable full debug logging.
Error:  
Error:  For more information about the errors and possible solutions, please read the following articles:
Error:  For more information about the errors and possible solutions, please read the following articles:
Error:  [Help 1] http://cwiki.apache.org/confluence/display/MAVEN/MojoFailureException
ü§ñ Calling generate_tests.py with enhanced prompt...
ü§ñ Enhanced prompt length: 28744 characters
ü§ñ Generate test success: True
‚úÖ Generated improved test for categoryService.java
üìù Processing productService.java -> productServiceTest.java
üîß Generating improved test for /home/runner/work/E-commerce-project-springBoot/E-commerce-project-springBoot/JtProject/src/main/java/com/jtspringproject/JtSpringProject/services/productService.java based on errors...
‚ö†Ô∏è No specific errors found for productService.java, using all errors as fallback
üîç Captured 27 total errors, 27 relevant to productService.java:
  Relevant Error 1: [INFO] --- compiler:3.8.1:compile (default-compile) @ JtSpringProject ---
[INFO] Nothing to compile - all classes are up to date
[INFO] 
[INFO] --- resources:3.2.0:testResources (default-testResources...
  Relevant Error 2: [INFO] Changes detected - recompiling the module!
[INFO] Compiling 5 source files to /home/runner/work/E-commerce-project-springBoot/E-commerce-project-springBoot/JtProject/target/test-classes
[INFO] ...
  Relevant Error 3: 2025-09-13 18:56:45.631  INFO 2623 --- [           main] .s.d.r.c.RepositoryConfigurationDelegate : Bootstrapping Spring Data JPA repositories in DEFAULT mode.
2025-09-13 18:56:45.685  INFO 2623 --- [...
  Relevant Error 4: 	at org.springframework.boot.SpringApplication.run(SpringApplication.java:1301) ~[spring-boot-2.6.4.jar:2.6.4]
	at com.jtspringproject.JtSpringProject.JtSpringProjectApplication.main(JtSpringProjectAp...
  Relevant Error 5: 	at com.jtspringproject.JtSpringProject.JtSpringProjectApplication.main(JtSpringProjectApplication.java:11) ~[classes/:na]
	at com.jtspringproject.JtSpringProject.JtSpringProjectApplicationTest.lambda...
  Relevant Error 6: 	at org.junit.jupiter.api.Assertions.assertDoesNotThrow(Assertions.java:3135) ~[junit-jupiter-api-5.8.2.jar:5.8.2]
	at com.jtspringproject.JtSpringProject.JtSpringProjectApplicationTest.contextLoads(J...
  Relevant Error 7: The last packet sent successfully to the server was 0 milliseconds ago. The driver has not received any packets from the server.
2025-09-13 18:56:48.470  WARN 2623 --- [           main] ConfigServletW...
  Relevant Error 8: 
org.springframework.beans.factory.UnsatisfiedDependencyException: Error creating bean with name 'securityConfiguration' defined in file [/home/runner/work/E-commerce-project-springBoot/E-commerce-pro...
  Relevant Error 9: 	at org.springframework.boot.SpringApplication.run(SpringApplication.java:1301) ~[spring-boot-2.6.4.jar:2.6.4]
	at com.jtspringproject.JtSpringProject.JtSpringProjectApplication.main(JtSpringProjectAp...
  Relevant Error 10: 	at com.jtspringproject.JtSpringProject.JtSpringProjectApplication.main(JtSpringProjectApplication.java:11) ~[classes/:na]
	at com.jtspringproject.JtSpringProject.JtSpringProjectApplicationTest.lambda...
  Relevant Error 11: 	at org.junit.jupiter.api.Assertions.assertDoesNotThrow(Assertions.java:3135) ~[junit-jupiter-api-5.8.2.jar:5.8.2]
	at com.jtspringproject.JtSpringProject.JtSpringProjectApplicationTest.contextLoads(J...
  Relevant Error 12: 	at org.apache.maven.surefire.booter.ForkedBooter.main(ForkedBooter.java:418) ~[surefire-booter-2.22.2.jar:2.22.2]
Caused by: org.springframework.beans.factory.UnsatisfiedDependencyException: Error cr...
  Relevant Error 13: 	... 89 common frames omitted
Caused by: org.springframework.beans.factory.UnsatisfiedDependencyException: Error creating bean with name 'userDao': Unsatisfied dependency expressed through field 'sess...
  Relevant Error 14: 	... 104 common frames omitted
Caused by: org.springframework.beans.factory.BeanCreationException: Error creating bean with name 'sessionFactory' defined in class path resource [com/jtspringproject/Jt...
  Relevant Error 15: 
Error:  Tests run: 1, Failures: 1, Errors: 0, Skipped: 0, Time elapsed: 4.815 s <<< FAILURE! - in com.jtspringproject.JtSpringProject.JtSpringProjectApplicationTest
Error:  contextLoads  Time elapsed...
Error: ant Error 16: [ERROR] contextLoads  Time elapsed: 4.805 s  <<< FAILURE!
org.opentest4j.AssertionFailedError: Unexpected exception thrown: org.springframework.beans.factory.UnsatisfiedDependencyException: Error crea...
  Relevant Error 17: 	at com.jtspringproject.JtSpringProject.JtSpringProjectApplicationTest.contextLoads(JtSpringProjectApplicationTest.java:29)
Caused by: org.springframework.beans.factory.UnsatisfiedDependencyException:...
  Relevant Error 18: 	at com.jtspringproject.JtSpringProject.JtSpringProjectApplicationTest.contextLoads(JtSpringProjectApplicationTest.java:29)
Caused by: org.springframework.beans.factory.UnsatisfiedDependencyException:...
  Relevant Error 19: 	at com.jtspringproject.JtSpringProject.JtSpringProjectApplicationTest.contextLoads(JtSpringProjectApplicationTest.java:29)
Caused by: org.springframework.beans.factory.UnsatisfiedDependencyException:...
  Relevant Error 20: 	at com.jtspringproject.JtSpringProject.JtSpringProjectApplicationTest.contextLoads(JtSpringProjectApplicationTest.java:29)
Caused by: org.springframework.beans.factory.BeanCreationException: Error cr...
Error: ant Error 21: [ERROR] Failures: 
Error:    JtSpringProjectApplicationTest.contextLoads:29 Unexpected exception thrown: org.springframework.beans.factory.UnsatisfiedDependencyException: Error creating bean with name...
  Relevant Error 22: [INFO] 
Error:  Tests run: 34, Failures: 1, Errors: 0, Skipped: 0
[INFO] 
[INFO] ------------------------------------------------------------------------...
  Relevant Error 23: [INFO] ------------------------------------------------------------------------
Error:  Failed to execute goal org.apache.maven.plugins:maven-surefire-plugin:2.22.2:test (default-test) on project JtSp...
Error: ant Error 24: [ERROR] 
Error:  Please refer to /home/runner/work/E-commerce-project-springBoot/E-commerce-project-springBoot/JtProject/target/surefire-reports for the individual test results.
Error:  Please refer t...
Error: ant Error 25: [ERROR] 
Error:  To see the full stack trace of the errors, re-run Maven with the -e switch.
Error:  Re-run Maven using the -X switch to enable full debug logging.
Error:  ...
Error: ant Error 26: [ERROR] To see the full stack trace of the errors, re-run Maven with the -e switch.
Error:  Re-run Maven using the -X switch to enable full debug logging.
Error:  
Error:  For more information about t...
Error: ant Error 27: [ERROR] For more information about the errors and possible solutions, please read the following articles:
Error:  [Help 1] http://cwiki.apache.org/confluence/display/MAVEN/MojoFailureException
...
ü§ñ AI will receive error feedback of length: 21406 characters
ü§ñ First 1000 chars of error feedback: [INFO] --- compiler:3.8.1:compile (default-compile) @ JtSpringProject ---
[INFO] Nothing to compile - all classes are up to date
[INFO] 
[INFO] --- resources:3.2.0:testResources (default-testResources) @ JtSpringProject ---
[INFO] Changes detected - recompiling the module!
[INFO] Compiling 5 source files to /home/runner/work/E-commerce-project-springBoot/E-commerce-project-springBoot/JtProject/target/test-classes
[INFO] 
[INFO] --- surefire:2.22.2:test (default-test) @ JtSpringProject ---
2025-09-13 18:56:45.631  INFO 2623 --- [           main] .s.d.r.c.RepositoryConfigurationDelegate : Bootstrapping Spring Data JPA repositories in DEFAULT mode.
2025-09-13 18:56:45.685  INFO 2623 --- [           main] .s.d.r.c.RepositoryConfigurationDelegate : Finished Spring Data repository scanning in 43 ms. Found 1 JPA repository interfaces.
2025-09-13 18:56:46.395  INFO 2623 --- [           main] o.s.b.w.embedded.tomcat.TomcatWebServer  : Tomcat initialized with port(s): 8080 (http)
2025-09-13 18:5...
ü§ñ Last 500 chars of error feedback: ... enable full debug logging.
Error:  
Error:  To see the full stack trace of the errors, re-run Maven with the -e switch.
Error:  Re-run Maven using the -X switch to enable full debug logging.
Error:  
Error:  For more information about the errors and possible solutions, please read the following articles:
Error:  For more information about the errors and possible solutions, please read the following articles:
Error:  [Help 1] http://cwiki.apache.org/confluence/display/MAVEN/MojoFailureException
ü§ñ Calling generate_tests.py with enhanced prompt...
ü§ñ Enhanced prompt length: 28940 characters
ü§ñ Generate test success: True
‚úÖ Generated improved test for productService.java
üìù Processing userService.java -> userServiceTest.java
üîß Generating improved test for /home/runner/work/E-commerce-project-springBoot/E-commerce-project-springBoot/JtProject/src/main/java/com/jtspringproject/JtSpringProject/services/userService.java based on errors...
üîç Captured 27 total errors, 10 relevant to userService.java:
  Relevant Error 1: The last packet sent successfully to the server was 0 milliseconds ago. The driver has not received any packets from the server.
2025-09-13 18:56:48.470  WARN 2623 --- [           main] ConfigServletW...
  Relevant Error 2: 
org.springframework.beans.factory.UnsatisfiedDependencyException: Error creating bean with name 'securityConfiguration' defined in file [/home/runner/work/E-commerce-project-springBoot/E-commerce-pro...
  Relevant Error 3: 	at org.apache.maven.surefire.booter.ForkedBooter.main(ForkedBooter.java:418) ~[surefire-booter-2.22.2.jar:2.22.2]
Caused by: org.springframework.beans.factory.UnsatisfiedDependencyException: Error cr...
  Relevant Error 4: 	... 89 common frames omitted
Caused by: org.springframework.beans.factory.UnsatisfiedDependencyException: Error creating bean with name 'userDao': Unsatisfied dependency expressed through field 'sess...
  Relevant Error 5: 
Error:  Tests run: 1, Failures: 1, Errors: 0, Skipped: 0, Time elapsed: 4.815 s <<< FAILURE! - in com.jtspringproject.JtSpringProject.JtSpringProjectApplicationTest
Error:  contextLoads  Time elapsed...
Error: ant Error 6: [ERROR] contextLoads  Time elapsed: 4.805 s  <<< FAILURE!
org.opentest4j.AssertionFailedError: Unexpected exception thrown: org.springframework.beans.factory.UnsatisfiedDependencyException: Error crea...
  Relevant Error 7: 	at com.jtspringproject.JtSpringProject.JtSpringProjectApplicationTest.contextLoads(JtSpringProjectApplicationTest.java:29)
Caused by: org.springframework.beans.factory.UnsatisfiedDependencyException:...
  Relevant Error 8: 	at com.jtspringproject.JtSpringProject.JtSpringProjectApplicationTest.contextLoads(JtSpringProjectApplicationTest.java:29)
Caused by: org.springframework.beans.factory.UnsatisfiedDependencyException:...
  Relevant Error 9: 	at com.jtspringproject.JtSpringProject.JtSpringProjectApplicationTest.contextLoads(JtSpringProjectApplicationTest.java:29)
Caused by: org.springframework.beans.factory.UnsatisfiedDependencyException:...
Error: ant Error 10: [ERROR] Failures: 
Error:    JtSpringProjectApplicationTest.contextLoads:29 Unexpected exception thrown: org.springframework.beans.factory.UnsatisfiedDependencyException: Error creating bean with name...
ü§ñ AI will receive error feedback of length: 14267 characters
ü§ñ First 1000 chars of error feedback: The last packet sent successfully to the server was 0 milliseconds ago. The driver has not received any packets from the server.
2025-09-13 18:56:48.470  WARN 2623 --- [           main] ConfigServletWebServerApplicationContext : Exception encountered during context initialization - cancelling refresh attempt: org.springframework.beans.factory.UnsatisfiedDependencyException: Error creating bean with name 'securityConfiguration' defined in file [/home/runner/work/E-commerce-project-springBoot/E-commerce-project-springBoot/JtProject/target/classes/com/jtspringproject/JtSpringProject/configuration/SecurityConfiguration.class]: Unsatisfied dependency expressed through constructor parameter 0; nested exception is org.springframework.beans.factory.UnsatisfiedDependencyException: Error creating bean with name 'userService': Unsatisfied dependency expressed through field 'userDao'; nested exception is org.springframework.beans.factory.UnsatisfiedDependencyException: Error creating bean with nam...
ü§ñ Last 500 chars of error feedback: ...isfied dependency expressed through field 'sessionFactory'; nested exception is org.springframework.beans.factory.BeanCreationException: Error creating bean with name 'sessionFactory' defined in class path resource [com/jtspringproject/JtSpringProject/HibernateConfiguration.class]: Invocation of init method failed; nested exception is org.hibernate.exception.JDBCConnectionException: Unable to open JDBC Connection for DDL execution
[INFO] 
Error:  Tests run: 34, Failures: 1, Errors: 0, Skipped: 0
ü§ñ Calling generate_tests.py with enhanced prompt...
ü§ñ Enhanced prompt length: 23297 characters
ü§ñ Generate test success: True
‚úÖ Generated improved test for userService.java
üîÑ Iteration 4/5
üß™ Running Maven tests...
‚ùå Tests failing with 27 error(s)
üîç Error details:
  Error 1: [INFO] --- compiler:3.8.1:compile (default-compile) @ JtSpringProject ---
[INFO] Nothing to compile - all classes are up to date
[INFO] 
[INFO] --- resources:3.2.0:testResources (default-testResources...
  Error 2: [INFO] Changes detected - recompiling the module!
[INFO] Compiling 5 source files to /home/runner/work/E-commerce-project-springBoot/E-commerce-project-springBoot/JtProject/target/test-classes
[INFO] ...
  Error 3: 2025-09-13 18:57:26.054  INFO 2773 --- [           main] .s.d.r.c.RepositoryConfigurationDelegate : Bootstrapping Spring Data JPA repositories in DEFAULT mode.
2025-09-13 18:57:26.125  INFO 2773 --- [...
üìù Processing JtSpringProjectApplication.java -> JtSpringProjectApplicationTest.java
üîß Generating improved test for /home/runner/work/E-commerce-project-springBoot/E-commerce-project-springBoot/JtProject/src/main/java/com/jtspringproject/JtSpringProject/JtSpringProjectApplication.java based on errors...
üîç Captured 27 total errors, 13 relevant to JtSpringProjectApplication.java:
  Relevant Error 1: 	at org.springframework.boot.SpringApplication.run(SpringApplication.java:1301) ~[spring-boot-2.6.4.jar:2.6.4]
	at com.jtspringproject.JtSpringProject.JtSpringProjectApplication.main(JtSpringProjectAp...
  Relevant Error 2: 	at com.jtspringproject.JtSpringProject.JtSpringProjectApplication.main(JtSpringProjectApplication.java:11) ~[classes/:na]
	at com.jtspringproject.JtSpringProject.JtSpringProjectApplicationTest.lambda...
  Relevant Error 3: 	at org.junit.jupiter.api.Assertions.assertDoesNotThrow(Assertions.java:3135) ~[junit-jupiter-api-5.8.2.jar:5.8.2]
	at com.jtspringproject.JtSpringProject.JtSpringProjectApplicationTest.contextLoads(J...
  Relevant Error 4: 	at org.springframework.boot.SpringApplication.run(SpringApplication.java:1301) ~[spring-boot-2.6.4.jar:2.6.4]
	at com.jtspringproject.JtSpringProject.JtSpringProjectApplication.main(JtSpringProjectAp...
  Relevant Error 5: 	at com.jtspringproject.JtSpringProject.JtSpringProjectApplication.main(JtSpringProjectApplication.java:11) ~[classes/:na]
	at com.jtspringproject.JtSpringProject.JtSpringProjectApplicationTest.lambda...
  Relevant Error 6: 	at org.junit.jupiter.api.Assertions.assertDoesNotThrow(Assertions.java:3135) ~[junit-jupiter-api-5.8.2.jar:5.8.2]
	at com.jtspringproject.JtSpringProject.JtSpringProjectApplicationTest.contextLoads(J...
  Relevant Error 7: 
Error:  Tests run: 1, Failures: 1, Errors: 0, Skipped: 0, Time elapsed: 5.129 s <<< FAILURE! - in com.jtspringproject.JtSpringProject.JtSpringProjectApplicationTest
Error:  contextLoads  Time elapsed...
Error: ant Error 8: [ERROR] contextLoads  Time elapsed: 5.12 s  <<< FAILURE!
org.opentest4j.AssertionFailedError: Unexpected exception thrown: org.springframework.beans.factory.UnsatisfiedDependencyException: Error creat...
  Relevant Error 9: 	at com.jtspringproject.JtSpringProject.JtSpringProjectApplicationTest.contextLoads(JtSpringProjectApplicationTest.java:30)
Caused by: org.springframework.beans.factory.UnsatisfiedDependencyException:...
  Relevant Error 10: 	at com.jtspringproject.JtSpringProject.JtSpringProjectApplicationTest.contextLoads(JtSpringProjectApplicationTest.java:30)
Caused by: org.springframework.beans.factory.UnsatisfiedDependencyException:...
  Relevant Error 11: 	at com.jtspringproject.JtSpringProject.JtSpringProjectApplicationTest.contextLoads(JtSpringProjectApplicationTest.java:30)
Caused by: org.springframework.beans.factory.UnsatisfiedDependencyException:...
  Relevant Error 12: 	at com.jtspringproject.JtSpringProject.JtSpringProjectApplicationTest.contextLoads(JtSpringProjectApplicationTest.java:30)
Caused by: org.springframework.beans.factory.BeanCreationException: Error cr...
Error: ant Error 13: [ERROR] Failures: 
Error:    JtSpringProjectApplicationTest.contextLoads:30 Unexpected exception thrown: org.springframework.beans.factory.UnsatisfiedDependencyException: Error creating bean with name...
ü§ñ AI will receive error feedback of length: 12655 characters
ü§ñ First 1000 chars of error feedback: 	at org.springframework.boot.SpringApplication.run(SpringApplication.java:1301) ~[spring-boot-2.6.4.jar:2.6.4]
	at com.jtspringproject.JtSpringProject.JtSpringProjectApplication.main(JtSpringProjectApplication.java:11) ~[classes/:na]
	at com.jtspringproject.JtSpringProject.JtSpringProjectApplicationTest.lambda$contextLoads$0(JtSpringProjectApplicationTest.java:31) ~[test-classes/:na]
	at org.junit.jupiter.api.AssertDoesNotThrow.assertDoesNotThrow(AssertDoesNotThrow.java:50) ~[junit-jupiter-api-5.8.2.jar:5.8.2]
	at com.jtspringproject.JtSpringProject.JtSpringProjectApplication.main(JtSpringProjectApplication.java:11) ~[classes/:na]
	at com.jtspringproject.JtSpringProject.JtSpringProjectApplicationTest.lambda$contextLoads$0(JtSpringProjectApplicationTest.java:31) ~[test-classes/:na]
	at org.junit.jupiter.api.AssertDoesNotThrow.assertDoesNotThrow(AssertDoesNotThrow.java:50) ~[junit-jupiter-api-5.8.2.jar:5.8.2]
	at org.junit.jupiter.api.AssertDoesNotThrow.assertDoesNotThrow(AssertDoesNotTh...
ü§ñ Last 500 chars of error feedback: ...isfied dependency expressed through field 'sessionFactory'; nested exception is org.springframework.beans.factory.BeanCreationException: Error creating bean with name 'sessionFactory' defined in class path resource [com/jtspringproject/JtSpringProject/HibernateConfiguration.class]: Invocation of init method failed; nested exception is org.hibernate.exception.JDBCConnectionException: Unable to open JDBC Connection for DDL execution
[INFO] 
Error:  Tests run: 34, Failures: 1, Errors: 0, Skipped: 0
ü§ñ Calling generate_tests.py with enhanced prompt...
ü§ñ Enhanced prompt length: 17109 characters
ü§ñ Generate test success: True
‚úÖ Generated improved test for JtSpringProjectApplication.java
üìù Processing Category.java -> CategoryTest.java
üîß Generating improved test for /home/runner/work/E-commerce-project-springBoot/E-commerce-project-springBoot/JtProject/src/main/java/com/jtspringproject/JtSpringProject/models/Category.java based on errors...
‚ö†Ô∏è No specific errors found for Category.java, using all errors as fallback
üîç Captured 27 total errors, 27 relevant to Category.java:
  Relevant Error 1: [INFO] --- compiler:3.8.1:compile (default-compile) @ JtSpringProject ---
[INFO] Nothing to compile - all classes are up to date
[INFO] 
[INFO] --- resources:3.2.0:testResources (default-testResources...
  Relevant Error 2: [INFO] Changes detected - recompiling the module!
[INFO] Compiling 5 source files to /home/runner/work/E-commerce-project-springBoot/E-commerce-project-springBoot/JtProject/target/test-classes
[INFO] ...
  Relevant Error 3: 2025-09-13 18:57:26.054  INFO 2773 --- [           main] .s.d.r.c.RepositoryConfigurationDelegate : Bootstrapping Spring Data JPA repositories in DEFAULT mode.
2025-09-13 18:57:26.125  INFO 2773 --- [...
  Relevant Error 4: 	at org.springframework.boot.SpringApplication.run(SpringApplication.java:1301) ~[spring-boot-2.6.4.jar:2.6.4]
	at com.jtspringproject.JtSpringProject.JtSpringProjectApplication.main(JtSpringProjectAp...
  Relevant Error 5: 	at com.jtspringproject.JtSpringProject.JtSpringProjectApplication.main(JtSpringProjectApplication.java:11) ~[classes/:na]
	at com.jtspringproject.JtSpringProject.JtSpringProjectApplicationTest.lambda...
  Relevant Error 6: 	at org.junit.jupiter.api.Assertions.assertDoesNotThrow(Assertions.java:3135) ~[junit-jupiter-api-5.8.2.jar:5.8.2]
	at com.jtspringproject.JtSpringProject.JtSpringProjectApplicationTest.contextLoads(J...
  Relevant Error 7: The last packet sent successfully to the server was 0 milliseconds ago. The driver has not received any packets from the server.
2025-09-13 18:57:29.228  WARN 2773 --- [           main] ConfigServletW...
  Relevant Error 8: 
org.springframework.beans.factory.UnsatisfiedDependencyException: Error creating bean with name 'securityConfiguration' defined in file [/home/runner/work/E-commerce-project-springBoot/E-commerce-pro...
  Relevant Error 9: 	at org.springframework.boot.SpringApplication.run(SpringApplication.java:1301) ~[spring-boot-2.6.4.jar:2.6.4]
	at com.jtspringproject.JtSpringProject.JtSpringProjectApplication.main(JtSpringProjectAp...
  Relevant Error 10: 	at com.jtspringproject.JtSpringProject.JtSpringProjectApplication.main(JtSpringProjectApplication.java:11) ~[classes/:na]
	at com.jtspringproject.JtSpringProject.JtSpringProjectApplicationTest.lambda...
  Relevant Error 11: 	at org.junit.jupiter.api.Assertions.assertDoesNotThrow(Assertions.java:3135) ~[junit-jupiter-api-5.8.2.jar:5.8.2]
	at com.jtspringproject.JtSpringProject.JtSpringProjectApplicationTest.contextLoads(J...
  Relevant Error 12: 	at org.apache.maven.surefire.booter.ForkedBooter.main(ForkedBooter.java:418) ~[surefire-booter-2.22.2.jar:2.22.2]
Caused by: org.springframework.beans.factory.UnsatisfiedDependencyException: Error cr...
  Relevant Error 13: 	... 89 common frames omitted
Caused by: org.springframework.beans.factory.UnsatisfiedDependencyException: Error creating bean with name 'userDao': Unsatisfied dependency expressed through field 'sess...
  Relevant Error 14: 	... 104 common frames omitted
Caused by: org.springframework.beans.factory.BeanCreationException: Error creating bean with name 'sessionFactory' defined in class path resource [com/jtspringproject/Jt...
  Relevant Error 15: 
Error:  Tests run: 1, Failures: 1, Errors: 0, Skipped: 0, Time elapsed: 5.129 s <<< FAILURE! - in com.jtspringproject.JtSpringProject.JtSpringProjectApplicationTest
Error:  contextLoads  Time elapsed...
Error: ant Error 16: [ERROR] contextLoads  Time elapsed: 5.12 s  <<< FAILURE!
org.opentest4j.AssertionFailedError: Unexpected exception thrown: org.springframework.beans.factory.UnsatisfiedDependencyException: Error creat...
  Relevant Error 17: 	at com.jtspringproject.JtSpringProject.JtSpringProjectApplicationTest.contextLoads(JtSpringProjectApplicationTest.java:30)
Caused by: org.springframework.beans.factory.UnsatisfiedDependencyException:...
  Relevant Error 18: 	at com.jtspringproject.JtSpringProject.JtSpringProjectApplicationTest.contextLoads(JtSpringProjectApplicationTest.java:30)
Caused by: org.springframework.beans.factory.UnsatisfiedDependencyException:...
  Relevant Error 19: 	at com.jtspringproject.JtSpringProject.JtSpringProjectApplicationTest.contextLoads(JtSpringProjectApplicationTest.java:30)
Caused by: org.springframework.beans.factory.UnsatisfiedDependencyException:...
  Relevant Error 20: 	at com.jtspringproject.JtSpringProject.JtSpringProjectApplicationTest.contextLoads(JtSpringProjectApplicationTest.java:30)
Caused by: org.springframework.beans.factory.BeanCreationException: Error cr...
Error: ant Error 21: [ERROR] Failures: 
Error:    JtSpringProjectApplicationTest.contextLoads:30 Unexpected exception thrown: org.springframework.beans.factory.UnsatisfiedDependencyException: Error creating bean with name...
  Relevant Error 22: [INFO] 
Error:  Tests run: 34, Failures: 1, Errors: 0, Skipped: 0
[INFO] 
[INFO] ------------------------------------------------------------------------...
  Relevant Error 23: [INFO] ------------------------------------------------------------------------
Error:  Failed to execute goal org.apache.maven.plugins:maven-surefire-plugin:2.22.2:test (default-test) on project JtSp...
Error: ant Error 24: [ERROR] 
Error:  Please refer to /home/runner/work/E-commerce-project-springBoot/E-commerce-project-springBoot/JtProject/target/surefire-reports for the individual test results.
Error:  Please refer t...
Error: ant Error 25: [ERROR] 
Error:  To see the full stack trace of the errors, re-run Maven with the -e switch.
Error:  Re-run Maven using the -X switch to enable full debug logging.
Error:  ...
Error: ant Error 26: [ERROR] To see the full stack trace of the errors, re-run Maven with the -e switch.
Error:  Re-run Maven using the -X switch to enable full debug logging.
Error:  
Error:  For more information about t...
Error: ant Error 27: [ERROR] For more information about the errors and possible solutions, please read the following articles:
Error:  [Help 1] http://cwiki.apache.org/confluence/display/MAVEN/MojoFailureException
...
ü§ñ AI will receive error feedback of length: 21404 characters
ü§ñ First 1000 chars of error feedback: [INFO] --- compiler:3.8.1:compile (default-compile) @ JtSpringProject ---
[INFO] Nothing to compile - all classes are up to date
[INFO] 
[INFO] --- resources:3.2.0:testResources (default-testResources) @ JtSpringProject ---
[INFO] Changes detected - recompiling the module!
[INFO] Compiling 5 source files to /home/runner/work/E-commerce-project-springBoot/E-commerce-project-springBoot/JtProject/target/test-classes
[INFO] 
[INFO] --- surefire:2.22.2:test (default-test) @ JtSpringProject ---
2025-09-13 18:57:26.054  INFO 2773 --- [           main] .s.d.r.c.RepositoryConfigurationDelegate : Bootstrapping Spring Data JPA repositories in DEFAULT mode.
2025-09-13 18:57:26.125  INFO 2773 --- [           main] .s.d.r.c.RepositoryConfigurationDelegate : Finished Spring Data repository scanning in 56 ms. Found 1 JPA repository interfaces.
2025-09-13 18:57:26.965  INFO 2773 --- [           main] o.s.b.w.embedded.tomcat.TomcatWebServer  : Tomcat initialized with port(s): 8080 (http)
2025-09-13 18:5...
ü§ñ Last 500 chars of error feedback: ... enable full debug logging.
Error:  
Error:  To see the full stack trace of the errors, re-run Maven with the -e switch.
Error:  Re-run Maven using the -X switch to enable full debug logging.
Error:  
Error:  For more information about the errors and possible solutions, please read the following articles:
Error:  For more information about the errors and possible solutions, please read the following articles:
Error:  [Help 1] http://cwiki.apache.org/confluence/display/MAVEN/MojoFailureException
ü§ñ Calling generate_tests.py with enhanced prompt...
ü§ñ Enhanced prompt length: 26182 characters
ü§ñ Generate test success: True
‚úÖ Generated improved test for Category.java
üìù Processing categoryService.java -> categoryServiceTest.java
üîß Generating improved test for /home/runner/work/E-commerce-project-springBoot/E-commerce-project-springBoot/JtProject/src/main/java/com/jtspringproject/JtSpringProject/services/categoryService.java based on errors...
‚ö†Ô∏è No specific errors found for categoryService.java, using all errors as fallback
üîç Captured 27 total errors, 27 relevant to categoryService.java:
  Relevant Error 1: [INFO] --- compiler:3.8.1:compile (default-compile) @ JtSpringProject ---
[INFO] Nothing to compile - all classes are up to date
[INFO] 
[INFO] --- resources:3.2.0:testResources (default-testResources...
  Relevant Error 2: [INFO] Changes detected - recompiling the module!
[INFO] Compiling 5 source files to /home/runner/work/E-commerce-project-springBoot/E-commerce-project-springBoot/JtProject/target/test-classes
[INFO] ...
  Relevant Error 3: 2025-09-13 18:57:26.054  INFO 2773 --- [           main] .s.d.r.c.RepositoryConfigurationDelegate : Bootstrapping Spring Data JPA repositories in DEFAULT mode.
2025-09-13 18:57:26.125  INFO 2773 --- [...
  Relevant Error 4: 	at org.springframework.boot.SpringApplication.run(SpringApplication.java:1301) ~[spring-boot-2.6.4.jar:2.6.4]
	at com.jtspringproject.JtSpringProject.JtSpringProjectApplication.main(JtSpringProjectAp...
  Relevant Error 5: 	at com.jtspringproject.JtSpringProject.JtSpringProjectApplication.main(JtSpringProjectApplication.java:11) ~[classes/:na]
	at com.jtspringproject.JtSpringProject.JtSpringProjectApplicationTest.lambda...
  Relevant Error 6: 	at org.junit.jupiter.api.Assertions.assertDoesNotThrow(Assertions.java:3135) ~[junit-jupiter-api-5.8.2.jar:5.8.2]
	at com.jtspringproject.JtSpringProject.JtSpringProjectApplicationTest.contextLoads(J...
  Relevant Error 7: The last packet sent successfully to the server was 0 milliseconds ago. The driver has not received any packets from the server.
2025-09-13 18:57:29.228  WARN 2773 --- [           main] ConfigServletW...
  Relevant Error 8: 
org.springframework.beans.factory.UnsatisfiedDependencyException: Error creating bean with name 'securityConfiguration' defined in file [/home/runner/work/E-commerce-project-springBoot/E-commerce-pro...
  Relevant Error 9: 	at org.springframework.boot.SpringApplication.run(SpringApplication.java:1301) ~[spring-boot-2.6.4.jar:2.6.4]
	at com.jtspringproject.JtSpringProject.JtSpringProjectApplication.main(JtSpringProjectAp...
  Relevant Error 10: 	at com.jtspringproject.JtSpringProject.JtSpringProjectApplication.main(JtSpringProjectApplication.java:11) ~[classes/:na]
	at com.jtspringproject.JtSpringProject.JtSpringProjectApplicationTest.lambda...
  Relevant Error 11: 	at org.junit.jupiter.api.Assertions.assertDoesNotThrow(Assertions.java:3135) ~[junit-jupiter-api-5.8.2.jar:5.8.2]
	at com.jtspringproject.JtSpringProject.JtSpringProjectApplicationTest.contextLoads(J...
  Relevant Error 12: 	at org.apache.maven.surefire.booter.ForkedBooter.main(ForkedBooter.java:418) ~[surefire-booter-2.22.2.jar:2.22.2]
Caused by: org.springframework.beans.factory.UnsatisfiedDependencyException: Error cr...
  Relevant Error 13: 	... 89 common frames omitted
Caused by: org.springframework.beans.factory.UnsatisfiedDependencyException: Error creating bean with name 'userDao': Unsatisfied dependency expressed through field 'sess...
  Relevant Error 14: 	... 104 common frames omitted
Caused by: org.springframework.beans.factory.BeanCreationException: Error creating bean with name 'sessionFactory' defined in class path resource [com/jtspringproject/Jt...
  Relevant Error 15: 
Error:  Tests run: 1, Failures: 1, Errors: 0, Skipped: 0, Time elapsed: 5.129 s <<< FAILURE! - in com.jtspringproject.JtSpringProject.JtSpringProjectApplicationTest
Error:  contextLoads  Time elapsed...
Error: ant Error 16: [ERROR] contextLoads  Time elapsed: 5.12 s  <<< FAILURE!
org.opentest4j.AssertionFailedError: Unexpected exception thrown: org.springframework.beans.factory.UnsatisfiedDependencyException: Error creat...
  Relevant Error 17: 	at com.jtspringproject.JtSpringProject.JtSpringProjectApplicationTest.contextLoads(JtSpringProjectApplicationTest.java:30)
Caused by: org.springframework.beans.factory.UnsatisfiedDependencyException:...
  Relevant Error 18: 	at com.jtspringproject.JtSpringProject.JtSpringProjectApplicationTest.contextLoads(JtSpringProjectApplicationTest.java:30)
Caused by: org.springframework.beans.factory.UnsatisfiedDependencyException:...
  Relevant Error 19: 	at com.jtspringproject.JtSpringProject.JtSpringProjectApplicationTest.contextLoads(JtSpringProjectApplicationTest.java:30)
Caused by: org.springframework.beans.factory.UnsatisfiedDependencyException:...
  Relevant Error 20: 	at com.jtspringproject.JtSpringProject.JtSpringProjectApplicationTest.contextLoads(JtSpringProjectApplicationTest.java:30)
Caused by: org.springframework.beans.factory.BeanCreationException: Error cr...
Error: ant Error 21: [ERROR] Failures: 
Error:    JtSpringProjectApplicationTest.contextLoads:30 Unexpected exception thrown: org.springframework.beans.factory.UnsatisfiedDependencyException: Error creating bean with name...
  Relevant Error 22: [INFO] 
Error:  Tests run: 34, Failures: 1, Errors: 0, Skipped: 0
[INFO] 
[INFO] ------------------------------------------------------------------------...
  Relevant Error 23: [INFO] ------------------------------------------------------------------------
Error:  Failed to execute goal org.apache.maven.plugins:maven-surefire-plugin:2.22.2:test (default-test) on project JtSp...
Error: ant Error 24: [ERROR] 
Error:  Please refer to /home/runner/work/E-commerce-project-springBoot/E-commerce-project-springBoot/JtProject/target/surefire-reports for the individual test results.
Error:  Please refer t...
Error: ant Error 25: [ERROR] 
Error:  To see the full stack trace of the errors, re-run Maven with the -e switch.
Error:  Re-run Maven using the -X switch to enable full debug logging.
Error:  ...
Error: ant Error 26: [ERROR] To see the full stack trace of the errors, re-run Maven with the -e switch.
Error:  Re-run Maven using the -X switch to enable full debug logging.
Error:  
Error:  For more information about t...
Error: ant Error 27: [ERROR] For more information about the errors and possible solutions, please read the following articles:
Error:  [Help 1] http://cwiki.apache.org/confluence/display/MAVEN/MojoFailureException
...
ü§ñ AI will receive error feedback of length: 21404 characters
ü§ñ First 1000 chars of error feedback: [INFO] --- compiler:3.8.1:compile (default-compile) @ JtSpringProject ---
[INFO] Nothing to compile - all classes are up to date
[INFO] 
[INFO] --- resources:3.2.0:testResources (default-testResources) @ JtSpringProject ---
[INFO] Changes detected - recompiling the module!
[INFO] Compiling 5 source files to /home/runner/work/E-commerce-project-springBoot/E-commerce-project-springBoot/JtProject/target/test-classes
[INFO] 
[INFO] --- surefire:2.22.2:test (default-test) @ JtSpringProject ---
2025-09-13 18:57:26.054  INFO 2773 --- [           main] .s.d.r.c.RepositoryConfigurationDelegate : Bootstrapping Spring Data JPA repositories in DEFAULT mode.
2025-09-13 18:57:26.125  INFO 2773 --- [           main] .s.d.r.c.RepositoryConfigurationDelegate : Finished Spring Data repository scanning in 56 ms. Found 1 JPA repository interfaces.
2025-09-13 18:57:26.965  INFO 2773 --- [           main] o.s.b.w.embedded.tomcat.TomcatWebServer  : Tomcat initialized with port(s): 8080 (http)
2025-09-13 18:5...
ü§ñ Last 500 chars of error feedback: ... enable full debug logging.
Error:  
Error:  To see the full stack trace of the errors, re-run Maven with the -e switch.
Error:  Re-run Maven using the -X switch to enable full debug logging.
Error:  
Error:  For more information about the errors and possible solutions, please read the following articles:
Error:  For more information about the errors and possible solutions, please read the following articles:
Error:  [Help 1] http://cwiki.apache.org/confluence/display/MAVEN/MojoFailureException
ü§ñ Calling generate_tests.py with enhanced prompt...
ü§ñ Enhanced prompt length: 28807 characters
ü§ñ Generate test success: True
‚úÖ Generated improved test for categoryService.java
üìù Processing productService.java -> productServiceTest.java
üîß Generating improved test for /home/runner/work/E-commerce-project-springBoot/E-commerce-project-springBoot/JtProject/src/main/java/com/jtspringproject/JtSpringProject/services/productService.java based on errors...
‚ö†Ô∏è No specific errors found for productService.java, using all errors as fallback
üîç Captured 27 total errors, 27 relevant to productService.java:
  Relevant Error 1: [INFO] --- compiler:3.8.1:compile (default-compile) @ JtSpringProject ---
[INFO] Nothing to compile - all classes are up to date
[INFO] 
[INFO] --- resources:3.2.0:testResources (default-testResources...
  Relevant Error 2: [INFO] Changes detected - recompiling the module!
[INFO] Compiling 5 source files to /home/runner/work/E-commerce-project-springBoot/E-commerce-project-springBoot/JtProject/target/test-classes
[INFO] ...
  Relevant Error 3: 2025-09-13 18:57:26.054  INFO 2773 --- [           main] .s.d.r.c.RepositoryConfigurationDelegate : Bootstrapping Spring Data JPA repositories in DEFAULT mode.
2025-09-13 18:57:26.125  INFO 2773 --- [...
  Relevant Error 4: 	at org.springframework.boot.SpringApplication.run(SpringApplication.java:1301) ~[spring-boot-2.6.4.jar:2.6.4]
	at com.jtspringproject.JtSpringProject.JtSpringProjectApplication.main(JtSpringProjectAp...
  Relevant Error 5: 	at com.jtspringproject.JtSpringProject.JtSpringProjectApplication.main(JtSpringProjectApplication.java:11) ~[classes/:na]
	at com.jtspringproject.JtSpringProject.JtSpringProjectApplicationTest.lambda...
  Relevant Error 6: 	at org.junit.jupiter.api.Assertions.assertDoesNotThrow(Assertions.java:3135) ~[junit-jupiter-api-5.8.2.jar:5.8.2]
	at com.jtspringproject.JtSpringProject.JtSpringProjectApplicationTest.contextLoads(J...
  Relevant Error 7: The last packet sent successfully to the server was 0 milliseconds ago. The driver has not received any packets from the server.
2025-09-13 18:57:29.228  WARN 2773 --- [           main] ConfigServletW...
  Relevant Error 8: 
org.springframework.beans.factory.UnsatisfiedDependencyException: Error creating bean with name 'securityConfiguration' defined in file [/home/runner/work/E-commerce-project-springBoot/E-commerce-pro...
  Relevant Error 9: 	at org.springframework.boot.SpringApplication.run(SpringApplication.java:1301) ~[spring-boot-2.6.4.jar:2.6.4]
	at com.jtspringproject.JtSpringProject.JtSpringProjectApplication.main(JtSpringProjectAp...
  Relevant Error 10: 	at com.jtspringproject.JtSpringProject.JtSpringProjectApplication.main(JtSpringProjectApplication.java:11) ~[classes/:na]
	at com.jtspringproject.JtSpringProject.JtSpringProjectApplicationTest.lambda...
  Relevant Error 11: 	at org.junit.jupiter.api.Assertions.assertDoesNotThrow(Assertions.java:3135) ~[junit-jupiter-api-5.8.2.jar:5.8.2]
	at com.jtspringproject.JtSpringProject.JtSpringProjectApplicationTest.contextLoads(J...
  Relevant Error 12: 	at org.apache.maven.surefire.booter.ForkedBooter.main(ForkedBooter.java:418) ~[surefire-booter-2.22.2.jar:2.22.2]
Caused by: org.springframework.beans.factory.UnsatisfiedDependencyException: Error cr...
  Relevant Error 13: 	... 89 common frames omitted
Caused by: org.springframework.beans.factory.UnsatisfiedDependencyException: Error creating bean with name 'userDao': Unsatisfied dependency expressed through field 'sess...
  Relevant Error 14: 	... 104 common frames omitted
Caused by: org.springframework.beans.factory.BeanCreationException: Error creating bean with name 'sessionFactory' defined in class path resource [com/jtspringproject/Jt...
  Relevant Error 15: 
Error:  Tests run: 1, Failures: 1, Errors: 0, Skipped: 0, Time elapsed: 5.129 s <<< FAILURE! - in com.jtspringproject.JtSpringProject.JtSpringProjectApplicationTest
Error:  contextLoads  Time elapsed...
Error: ant Error 16: [ERROR] contextLoads  Time elapsed: 5.12 s  <<< FAILURE!
org.opentest4j.AssertionFailedError: Unexpected exception thrown: org.springframework.beans.factory.UnsatisfiedDependencyException: Error creat...
  Relevant Error 17: 	at com.jtspringproject.JtSpringProject.JtSpringProjectApplicationTest.contextLoads(JtSpringProjectApplicationTest.java:30)
Caused by: org.springframework.beans.factory.UnsatisfiedDependencyException:...
  Relevant Error 18: 	at com.jtspringproject.JtSpringProject.JtSpringProjectApplicationTest.contextLoads(JtSpringProjectApplicationTest.java:30)
Caused by: org.springframework.beans.factory.UnsatisfiedDependencyException:...
  Relevant Error 19: 	at com.jtspringproject.JtSpringProject.JtSpringProjectApplicationTest.contextLoads(JtSpringProjectApplicationTest.java:30)
Caused by: org.springframework.beans.factory.UnsatisfiedDependencyException:...
  Relevant Error 20: 	at com.jtspringproject.JtSpringProject.JtSpringProjectApplicationTest.contextLoads(JtSpringProjectApplicationTest.java:30)
Caused by: org.springframework.beans.factory.BeanCreationException: Error cr...
Error: ant Error 21: [ERROR] Failures: 
Error:    JtSpringProjectApplicationTest.contextLoads:30 Unexpected exception thrown: org.springframework.beans.factory.UnsatisfiedDependencyException: Error creating bean with name...
  Relevant Error 22: [INFO] 
Error:  Tests run: 34, Failures: 1, Errors: 0, Skipped: 0
[INFO] 
[INFO] ------------------------------------------------------------------------...
  Relevant Error 23: [INFO] ------------------------------------------------------------------------
Error:  Failed to execute goal org.apache.maven.plugins:maven-surefire-plugin:2.22.2:test (default-test) on project JtSp...
Error: ant Error 24: [ERROR] 
Error:  Please refer to /home/runner/work/E-commerce-project-springBoot/E-commerce-project-springBoot/JtProject/target/surefire-reports for the individual test results.
Error:  Please refer t...
Error: ant Error 25: [ERROR] 
Error:  To see the full stack trace of the errors, re-run Maven with the -e switch.
Error:  Re-run Maven using the -X switch to enable full debug logging.
Error:  ...
Error: ant Error 26: [ERROR] To see the full stack trace of the errors, re-run Maven with the -e switch.
Error:  Re-run Maven using the -X switch to enable full debug logging.
Error:  
Error:  For more information about t...
Error: ant Error 27: [ERROR] For more information about the errors and possible solutions, please read the following articles:
Error:  [Help 1] http://cwiki.apache.org/confluence/display/MAVEN/MojoFailureException
...
ü§ñ AI will receive error feedback of length: 21404 characters
ü§ñ First 1000 chars of error feedback: [INFO] --- compiler:3.8.1:compile (default-compile) @ JtSpringProject ---
[INFO] Nothing to compile - all classes are up to date
[INFO] 
[INFO] --- resources:3.2.0:testResources (default-testResources) @ JtSpringProject ---
[INFO] Changes detected - recompiling the module!
[INFO] Compiling 5 source files to /home/runner/work/E-commerce-project-springBoot/E-commerce-project-springBoot/JtProject/target/test-classes
[INFO] 
[INFO] --- surefire:2.22.2:test (default-test) @ JtSpringProject ---
2025-09-13 18:57:26.054  INFO 2773 --- [           main] .s.d.r.c.RepositoryConfigurationDelegate : Bootstrapping Spring Data JPA repositories in DEFAULT mode.
2025-09-13 18:57:26.125  INFO 2773 --- [           main] .s.d.r.c.RepositoryConfigurationDelegate : Finished Spring Data repository scanning in 56 ms. Found 1 JPA repository interfaces.
2025-09-13 18:57:26.965  INFO 2773 --- [           main] o.s.b.w.embedded.tomcat.TomcatWebServer  : Tomcat initialized with port(s): 8080 (http)
2025-09-13 18:5...
ü§ñ Last 500 chars of error feedback: ... enable full debug logging.
Error:  
Error:  To see the full stack trace of the errors, re-run Maven with the -e switch.
Error:  Re-run Maven using the -X switch to enable full debug logging.
Error:  
Error:  For more information about the errors and possible solutions, please read the following articles:
Error:  For more information about the errors and possible solutions, please read the following articles:
Error:  [Help 1] http://cwiki.apache.org/confluence/display/MAVEN/MojoFailureException
ü§ñ Calling generate_tests.py with enhanced prompt...
ü§ñ Enhanced prompt length: 28938 characters
ü§ñ Generate test success: True
‚úÖ Generated improved test for productService.java
üìù Processing userService.java -> userServiceTest.java
üîß Generating improved test for /home/runner/work/E-commerce-project-springBoot/E-commerce-project-springBoot/JtProject/src/main/java/com/jtspringproject/JtSpringProject/services/userService.java based on errors...
üîç Captured 27 total errors, 10 relevant to userService.java:
  Relevant Error 1: The last packet sent successfully to the server was 0 milliseconds ago. The driver has not received any packets from the server.
2025-09-13 18:57:29.228  WARN 2773 --- [           main] ConfigServletW...
  Relevant Error 2: 
org.springframework.beans.factory.UnsatisfiedDependencyException: Error creating bean with name 'securityConfiguration' defined in file [/home/runner/work/E-commerce-project-springBoot/E-commerce-pro...
  Relevant Error 3: 	at org.apache.maven.surefire.booter.ForkedBooter.main(ForkedBooter.java:418) ~[surefire-booter-2.22.2.jar:2.22.2]
Caused by: org.springframework.beans.factory.UnsatisfiedDependencyException: Error cr...
  Relevant Error 4: 	... 89 common frames omitted
Caused by: org.springframework.beans.factory.UnsatisfiedDependencyException: Error creating bean with name 'userDao': Unsatisfied dependency expressed through field 'sess...
  Relevant Error 5: 
Error:  Tests run: 1, Failures: 1, Errors: 0, Skipped: 0, Time elapsed: 5.129 s <<< FAILURE! - in com.jtspringproject.JtSpringProject.JtSpringProjectApplicationTest
Error:  contextLoads  Time elapsed...
Error: ant Error 6: [ERROR] contextLoads  Time elapsed: 5.12 s  <<< FAILURE!
org.opentest4j.AssertionFailedError: Unexpected exception thrown: org.springframework.beans.factory.UnsatisfiedDependencyException: Error creat...
  Relevant Error 7: 	at com.jtspringproject.JtSpringProject.JtSpringProjectApplicationTest.contextLoads(JtSpringProjectApplicationTest.java:30)
Caused by: org.springframework.beans.factory.UnsatisfiedDependencyException:...
  Relevant Error 8: 	at com.jtspringproject.JtSpringProject.JtSpringProjectApplicationTest.contextLoads(JtSpringProjectApplicationTest.java:30)
Caused by: org.springframework.beans.factory.UnsatisfiedDependencyException:...
  Relevant Error 9: 	at com.jtspringproject.JtSpringProject.JtSpringProjectApplicationTest.contextLoads(JtSpringProjectApplicationTest.java:30)
Caused by: org.springframework.beans.factory.UnsatisfiedDependencyException:...
Error: ant Error 10: [ERROR] Failures: 
Error:    JtSpringProjectApplicationTest.contextLoads:30 Unexpected exception thrown: org.springframework.beans.factory.UnsatisfiedDependencyException: Error creating bean with name...
ü§ñ AI will receive error feedback of length: 14265 characters
ü§ñ First 1000 chars of error feedback: The last packet sent successfully to the server was 0 milliseconds ago. The driver has not received any packets from the server.
2025-09-13 18:57:29.228  WARN 2773 --- [           main] ConfigServletWebServerApplicationContext : Exception encountered during context initialization - cancelling refresh attempt: org.springframework.beans.factory.UnsatisfiedDependencyException: Error creating bean with name 'securityConfiguration' defined in file [/home/runner/work/E-commerce-project-springBoot/E-commerce-project-springBoot/JtProject/target/classes/com/jtspringproject/JtSpringProject/configuration/SecurityConfiguration.class]: Unsatisfied dependency expressed through constructor parameter 0; nested exception is org.springframework.beans.factory.UnsatisfiedDependencyException: Error creating bean with name 'userService': Unsatisfied dependency expressed through field 'userDao'; nested exception is org.springframework.beans.factory.UnsatisfiedDependencyException: Error creating bean with nam...
ü§ñ Last 500 chars of error feedback: ...isfied dependency expressed through field 'sessionFactory'; nested exception is org.springframework.beans.factory.BeanCreationException: Error creating bean with name 'sessionFactory' defined in class path resource [com/jtspringproject/JtSpringProject/HibernateConfiguration.class]: Invocation of init method failed; nested exception is org.hibernate.exception.JDBCConnectionException: Unable to open JDBC Connection for DDL execution
[INFO] 
Error:  Tests run: 34, Failures: 1, Errors: 0, Skipped: 0
ü§ñ Calling generate_tests.py with enhanced prompt...
ü§ñ Enhanced prompt length: 23295 characters
ü§ñ Generate test success: True
‚úÖ Generated improved test for userService.java
üîÑ Iteration 5/5
üß™ Running Maven tests...
‚úÖ All tests passing!
üìä Current coverage: 15.14%
üìù Processing JtSpringProjectApplication.java -> JtSpringProjectApplicationTest.java
üîß Generating improved test for /home/runner/work/E-commerce-project-springBoot/E-commerce-project-springBoot/JtProject/src/main/java/com/jtspringproject/JtSpringProject/JtSpringProjectApplication.java based on errors...
‚ö†Ô∏è No specific errors found for JtSpringProjectApplication.java, using all errors as fallback
üîç Captured 0 total errors, 0 relevant to JtSpringProjectApplication.java:
‚ö†Ô∏è No relevant errors found for JtSpringProjectApplication.java, using all errors as fallback
‚ö†Ô∏è Still no errors found, extracting from raw Maven output...
Traceback (most recent call last):
  File "/home/runner/work/E-commerce-project-springBoot/E-commerce-project-springBoot/ci_error_driven_iterate.py", line 466, in <module>
    sys.exit(main())
             ~~~~^^
  File "/home/runner/work/E-commerce-project-springBoot/E-commerce-project-springBoot/ci_error_driven_iterate.py", line 380, in main
    if generate_improved_test(java_file, test_file, error_messages):
       ~~~~~~~~~~~~~~~~~~~~~~^^^^^^^^^^^^^^^^^^^^^^^^^^^^^^^^^^^^^^
  File "/home/runner/work/E-commerce-project-springBoot/E-commerce-project-springBoot/ci_error_driven_iterate.py", line 138, in generate_improved_test
    lines = output.split('\n')
            ^^^^^^
NameError: name 'output' is not defined